ARM GAS  C:\Users\TIMOK_~1\AppData\Local\Temp\ccjMbU4Z.s 			page 1


   1              		.syntax unified
   2              		.cpu cortex-m3
   3              		.fpu softvfp
   4              		.eabi_attribute 20, 1
   5              		.eabi_attribute 21, 1
   6              		.eabi_attribute 23, 3
   7              		.eabi_attribute 24, 1
   8              		.eabi_attribute 25, 1
   9              		.eabi_attribute 26, 1
  10              		.eabi_attribute 30, 1
  11              		.eabi_attribute 34, 1
  12              		.eabi_attribute 18, 4
  13              		.thumb
  14              		.file	"main.c"
  15              		.text
  16              	.Ltext0:
  17              		.cfi_sections	.debug_frame
  18              		.section	.text.main,"ax",%progbits
  19              		.align	2
  20              		.global	main
  21              		.thumb
  22              		.thumb_func
  23              		.type	main, %function
  24              	main:
  25              	.LFB63:
  26              		.file 1 "main.c"
   1:main.c        **** /**
   2:main.c        **** * @mainpage ZumoBot Project
   3:main.c        **** * @brief    You can make your own ZumoBot with various sensors.
   4:main.c        **** * @details  <br><br>
   5:main.c        ****     <p>
   6:main.c        ****     <B>General</B><br>
   7:main.c        ****     You will use Pololu Zumo Shields for your robot project with CY8CKIT-059(PSoC 5LP) from Cypress
   8:main.c        ****     library has basic methods of various sensors and communications so that you can make what you w
   9:main.c        ****     <br><br>
  10:main.c        ****     </p>
  11:main.c        ****     
  12:main.c        ****     <p>
  13:main.c        ****     <B>Sensors</B><br>
  14:main.c        ****     &nbsp;Included: <br>
  15:main.c        ****         &nbsp;&nbsp;&nbsp;&nbsp;LSM303D: Accelerometer & Magnetometer<br>
  16:main.c        ****         &nbsp;&nbsp;&nbsp;&nbsp;L3GD20H: Gyroscope<br>
  17:main.c        ****         &nbsp;&nbsp;&nbsp;&nbsp;Reflectance sensor<br>
  18:main.c        ****         &nbsp;&nbsp;&nbsp;&nbsp;Motors
  19:main.c        ****     &nbsp;Wii nunchuck<br>
  20:main.c        ****     &nbsp;TSOP-2236: IR Receiver<br>
  21:main.c        ****     &nbsp;HC-SR04: Ultrasonic sensor<br>
  22:main.c        ****     &nbsp;APDS-9301: Ambient light sensor<br>
  23:main.c        ****     &nbsp;IR LED <br><br><br>
  24:main.c        ****     </p>
  25:main.c        ****     
  26:main.c        ****     <p>
  27:main.c        ****     <B>Communication</B><br>
  28:main.c        ****     I2C, UART, Serial<br>
  29:main.c        ****     </p>
  30:main.c        **** */
  31:main.c        **** 
ARM GAS  C:\Users\TIMOK_~1\AppData\Local\Temp\ccjMbU4Z.s 			page 2


  32:main.c        **** #include <project.h>
  33:main.c        **** #include <stdio.h>
  34:main.c        **** #include "Motor.h"
  35:main.c        **** #include "Ultra.h"
  36:main.c        **** #include "Nunchuk.h"
  37:main.c        **** #include "Reflectance.h"
  38:main.c        **** #include "I2C_made.h"
  39:main.c        **** #include "Gyro.h"
  40:main.c        **** #include "Accel_magnet.h"
  41:main.c        **** #include "IR.h"
  42:main.c        **** #include "Ambient.h"
  43:main.c        **** #include "Beep.h"
  44:main.c        **** 
  45:main.c        **** int rread(void);
  46:main.c        **** 
  47:main.c        **** /**
  48:main.c        ****  * @file    main.c
  49:main.c        ****  * @brief   
  50:main.c        ****  * @details  ** You should enable global interrupt for operating properly. **<br>&nbsp;&nbsp;&nbsp;
  51:main.c        **** */
  52:main.c        **** 
  53:main.c        **** 
  54:main.c        **** //battery level//
  55:main.c        **** int main()
  56:main.c        **** {
  27              		.loc 1 56 0
  28              		.cfi_startproc
  29              		@ args = 0, pretend = 0, frame = 16
  30              		@ frame_needed = 0, uses_anonymous_args = 0
  31 0000 F0B5     		push	{r4, r5, r6, r7, lr}
  32              		.cfi_def_cfa_offset 20
  33              		.cfi_offset 4, -20
  34              		.cfi_offset 5, -16
  35              		.cfi_offset 6, -12
  36              		.cfi_offset 7, -8
  37              		.cfi_offset 14, -4
  38 0002 87B0     		sub	sp, sp, #28
  39              		.cfi_def_cfa_offset 48
  57:main.c        ****     CyGlobalIntEnable; 
  40              		.loc 1 57 0
  41              	@ 57 "main.c" 1
  42 0004 62B6     		CPSIE   i
  43              	@ 0 "" 2
  58:main.c        ****     UART_1_Start();
  44              		.loc 1 58 0
  45              		.thumb
  46 0006 FFF7FEFF 		bl	UART_1_Start
  47              	.LVL0:
  59:main.c        ****     ADC_Battery_Start();        
  48              		.loc 1 59 0
  49 000a FFF7FEFF 		bl	ADC_Battery_Start
  50              	.LVL1:
  60:main.c        ****     int16 adcresult =0;
  61:main.c        ****     float volts = 0.0;
  62:main.c        ****     struct sensors_ ref;
  63:main.c        ****     struct sensors_ dig;
  64:main.c        **** 
ARM GAS  C:\Users\TIMOK_~1\AppData\Local\Temp\ccjMbU4Z.s 			page 3


  65:main.c        ****     printf("\nBoot\n");
  51              		.loc 1 65 0
  52 000e 3E48     		ldr	r0, .L11
  53 0010 FFF7FEFF 		bl	puts
  54              	.LVL2:
  66:main.c        **** 
  67:main.c        ****     //BatteryLed_Write(1); // Switch led on 
  68:main.c        ****     BatteryLed_Write(0); // Switch led off 
  55              		.loc 1 68 0
  56 0014 0020     		movs	r0, #0
  57 0016 FFF7FEFF 		bl	BatteryLed_Write
  58              	.LVL3:
  69:main.c        ****     uint8 button;
  70:main.c        ****     button = SW1_Read(); // read SW1 on pSoC board
  59              		.loc 1 70 0
  60 001a FFF7FEFF 		bl	SW1_Read
  61              	.LVL4:
  62 001e 0446     		mov	r4, r0
  63              	.LVL5:
  71:main.c        ****     
  72:main.c        **** //siirrä****
  73:main.c        ****     sensor_isr_StartEx(sensor_isr_handler);
  64              		.loc 1 73 0
  65 0020 3A48     		ldr	r0, .L11+4
  66 0022 FFF7FEFF 		bl	sensor_isr_StartEx
  67              	.LVL6:
  74:main.c        ****     
  75:main.c        ****     reflectance_start();
  68              		.loc 1 75 0
  69 0026 FFF7FEFF 		bl	reflectance_start
  70              	.LVL7:
  76:main.c        **** 
  77:main.c        ****     IR_led_Write(1);
  71              		.loc 1 77 0
  72 002a 0120     		movs	r0, #1
  73 002c FFF7FEFF 		bl	IR_led_Write
  74              	.LVL8:
  78:main.c        ****     CyDelay(50);
  75              		.loc 1 78 0
  76 0030 3220     		movs	r0, #50
  77 0032 FFF7FEFF 		bl	CyDelay
  78              	.LVL9:
  79:main.c        ****     
  80:main.c        ****     while(button == 1) {
  79              		.loc 1 80 0
  80 0036 02E0     		b	.L2
  81              	.L3:
  81:main.c        ****         button = SW1_Read();
  82              		.loc 1 81 0
  83 0038 FFF7FEFF 		bl	SW1_Read
  84              	.LVL10:
  85 003c 0446     		mov	r4, r0
  86              	.LVL11:
  87              	.L2:
  80:main.c        ****         button = SW1_Read();
  88              		.loc 1 80 0
  89 003e 012C     		cmp	r4, #1
ARM GAS  C:\Users\TIMOK_~1\AppData\Local\Temp\ccjMbU4Z.s 			page 4


  90 0040 FAD0     		beq	.L3
  82:main.c        ****     }
  83:main.c        ****     motor_start();
  91              		.loc 1 83 0
  92 0042 FFF7FEFF 		bl	motor_start
  93              	.LVL12:
  94              	.L9:
  95              	.LBB2:
  84:main.c        ****     
  85:main.c        ****     for(;;)
  86:main.c        ****     {
  87:main.c        ****         reflectance_read(&ref);
  96              		.loc 1 87 0
  97 0046 04A8     		add	r0, sp, #16
  98 0048 FFF7FEFF 		bl	reflectance_read
  99              	.LVL13:
  88:main.c        ****         printf("%d %d %d %d \r\n", ref.l3, ref.l1, ref.r1, ref.r3);       //print out each period o
 100              		.loc 1 88 0
 101 004c BDF81010 		ldrh	r1, [sp, #16]
 102 0050 BDF81220 		ldrh	r2, [sp, #18]
 103 0054 BDF81430 		ldrh	r3, [sp, #20]
 104 0058 BDF81600 		ldrh	r0, [sp, #22]
 105 005c 2C4C     		ldr	r4, .L11+8
 106 005e 0090     		str	r0, [sp]
 107 0060 2046     		mov	r0, r4
 108 0062 FFF7FEFF 		bl	printf
 109              	.LVL14:
  89:main.c        ****         reflectance_digital(&dig);      //print out 0 or 1 according to results of reflectance peri
 110              		.loc 1 89 0
 111 0066 02A8     		add	r0, sp, #8
 112 0068 FFF7FEFF 		bl	reflectance_digital
 113              	.LVL15:
  90:main.c        ****         printf("%d %d %d %d \r\n", dig.l3, dig.l1, dig.r1, dig.r3);        //print out 0 or 1 accor
 114              		.loc 1 90 0
 115 006c BDF80810 		ldrh	r1, [sp, #8]
 116 0070 BDF80A20 		ldrh	r2, [sp, #10]
 117 0074 BDF80C30 		ldrh	r3, [sp, #12]
 118 0078 BDF80E00 		ldrh	r0, [sp, #14]
 119 007c 0090     		str	r0, [sp]
 120 007e 2046     		mov	r0, r4
 121 0080 FFF7FEFF 		bl	printf
 122              	.LVL16:
  91:main.c        ****         
  92:main.c        ****         int ulkvas = dig.l3;
 123              		.loc 1 92 0
 124 0084 BDF80840 		ldrh	r4, [sp, #8]
 125              	.LVL17:
  93:main.c        ****         int sisvas = dig.l1;
 126              		.loc 1 93 0
 127 0088 BDF80A50 		ldrh	r5, [sp, #10]
 128              	.LVL18:
  94:main.c        ****         int sisoik = dig.r1;
 129              		.loc 1 94 0
 130 008c BDF80C60 		ldrh	r6, [sp, #12]
 131              	.LVL19:
  95:main.c        ****         int ulkoik = dig.r3;
 132              		.loc 1 95 0
ARM GAS  C:\Users\TIMOK_~1\AppData\Local\Temp\ccjMbU4Z.s 			page 5


 133 0090 BDF80E70 		ldrh	r7, [sp, #14]
 134              	.LVL20:
  96:main.c        ****         
  97:main.c        ****         
  98:main.c        ****         //sisimmät mustalla => suoraan
  99:main.c        ****         if (sisvas == 0 && sisoik == 0) {
 135              		.loc 1 99 0
 136 0094 2DB9     		cbnz	r5, .L4
 137              		.loc 1 99 0 is_stmt 0 discriminator 1
 138 0096 26B9     		cbnz	r6, .L4
 100:main.c        ****             
 101:main.c        ****             motor_turn(200,205,10);
 139              		.loc 1 101 0 is_stmt 1
 140 0098 C820     		movs	r0, #200
 141 009a CD21     		movs	r1, #205
 142 009c 0A22     		movs	r2, #10
 143 009e FFF7FEFF 		bl	motor_turn
 144              	.LVL21:
 145              	.L4:
 102:main.c        ****             /*if (ulkvas == 0 && ulkoik == 0) {
 103:main.c        ****                 motor_stop();
 104:main.c        ****                 break;
 105:main.c        ****             }*/
 106:main.c        ****         }
 107:main.c        ****         // oikea mustalla => käännös oikealle
 108:main.c        ****         if (ulkvas == 1 && sisvas == 1 && sisoik == 0 && ulkoik == 1) {
 146              		.loc 1 108 0
 147 00a2 012C     		cmp	r4, #1
 148 00a4 09D1     		bne	.L5
 149              		.loc 1 108 0 is_stmt 0 discriminator 1
 150 00a6 012D     		cmp	r5, #1
 151 00a8 07D1     		bne	.L5
 152              		.loc 1 108 0 discriminator 2
 153 00aa 36B9     		cbnz	r6, .L5
 154              		.loc 1 108 0 discriminator 3
 155 00ac 012F     		cmp	r7, #1
 156 00ae 04D1     		bne	.L5
 109:main.c        ****             motor_turn(200,100,10);
 157              		.loc 1 109 0 is_stmt 1
 158 00b0 C820     		movs	r0, #200
 159 00b2 6421     		movs	r1, #100
 160 00b4 0A22     		movs	r2, #10
 161 00b6 FFF7FEFF 		bl	motor_turn
 162              	.LVL22:
 163              	.L5:
 110:main.c        ****         }
 111:main.c        ****         // vasen mustalla => käännös vasemmalle
 112:main.c        ****         if (ulkvas == 1 && sisvas == 0 && sisoik == 1 && ulkoik == 1) {
 164              		.loc 1 112 0
 165 00ba 012C     		cmp	r4, #1
 166 00bc 09D1     		bne	.L6
 167              		.loc 1 112 0 is_stmt 0 discriminator 1
 168 00be 45B9     		cbnz	r5, .L6
 169              		.loc 1 112 0 discriminator 2
 170 00c0 012E     		cmp	r6, #1
 171 00c2 06D1     		bne	.L6
 172              		.loc 1 112 0 discriminator 3
ARM GAS  C:\Users\TIMOK_~1\AppData\Local\Temp\ccjMbU4Z.s 			page 6


 173 00c4 012F     		cmp	r7, #1
 174 00c6 04D1     		bne	.L6
 113:main.c        ****             motor_turn(100,200,10);
 175              		.loc 1 113 0 is_stmt 1
 176 00c8 6420     		movs	r0, #100
 177 00ca C821     		movs	r1, #200
 178 00cc 0A22     		movs	r2, #10
 179 00ce FFF7FEFF 		bl	motor_turn
 180              	.LVL23:
 181              	.L6:
 114:main.c        ****         }
 115:main.c        ****         // molemmat oikeat mustalla => tiukka käännös oikeaan
 116:main.c        ****         if (ulkvas == 1 && sisvas == 1 && sisoik == 0 && ulkoik == 0) {
 182              		.loc 1 116 0
 183 00d2 012C     		cmp	r4, #1
 184 00d4 08D1     		bne	.L7
 185              		.loc 1 116 0 is_stmt 0 discriminator 1
 186 00d6 012D     		cmp	r5, #1
 187 00d8 06D1     		bne	.L7
 188              		.loc 1 116 0 discriminator 2
 189 00da 2EB9     		cbnz	r6, .L7
 190              		.loc 1 116 0 discriminator 3
 191 00dc 27B9     		cbnz	r7, .L7
 117:main.c        ****             motor_turn(200,50,10);
 192              		.loc 1 117 0 is_stmt 1
 193 00de C820     		movs	r0, #200
 194 00e0 3221     		movs	r1, #50
 195 00e2 0A22     		movs	r2, #10
 196 00e4 FFF7FEFF 		bl	motor_turn
 197              	.LVL24:
 198              	.L7:
 118:main.c        ****         }
 119:main.c        ****         // molemmat vasemmat mustalla => tiukka käännös vasempaan
 120:main.c        ****         if (ulkvas == 0 && sisvas == 0 && sisoik == 1 && ulkoik == 1) {
 199              		.loc 1 120 0
 200 00e8 4CB9     		cbnz	r4, .L8
 201              		.loc 1 120 0 is_stmt 0 discriminator 1
 202 00ea 45B9     		cbnz	r5, .L8
 203              		.loc 1 120 0 discriminator 2
 204 00ec 012E     		cmp	r6, #1
 205 00ee 06D1     		bne	.L8
 206              		.loc 1 120 0 discriminator 3
 207 00f0 012F     		cmp	r7, #1
 208 00f2 04D1     		bne	.L8
 121:main.c        ****             motor_turn(50,200,10);
 209              		.loc 1 121 0 is_stmt 1
 210 00f4 3220     		movs	r0, #50
 211 00f6 C821     		movs	r1, #200
 212 00f8 0A22     		movs	r2, #10
 213 00fa FFF7FEFF 		bl	motor_turn
 214              	.LVL25:
 215              	.L8:
 122:main.c        ****         }
 123:main.c        ****         
 124:main.c        ****         CyDelay(10);
 216              		.loc 1 124 0
 217 00fe 0A20     		movs	r0, #10
ARM GAS  C:\Users\TIMOK_~1\AppData\Local\Temp\ccjMbU4Z.s 			page 7


 218 0100 FFF7FEFF 		bl	CyDelay
 219              	.LVL26:
 220              	.LBE2:
 125:main.c        ****     }
 221              		.loc 1 125 0
 222 0104 9FE7     		b	.L9
 223              	.L12:
 224 0106 00BF     		.align	2
 225              	.L11:
 226 0108 00000000 		.word	.LC0
 227 010c 00000000 		.word	sensor_isr_handler
 228 0110 08000000 		.word	.LC1
 229              		.cfi_endproc
 230              	.LFE63:
 231              		.size	main, .-main
 232              		.section	.text._write,"ax",%progbits
 233              		.align	2
 234              		.global	_write
 235              		.thumb
 236              		.thumb_func
 237              		.type	_write, %function
 238              	_write:
 239              	.LFB64:
 126:main.c        **** //****
 127:main.c        ****     /*
 128:main.c        ****     while(button == 1) {
 129:main.c        ****         button = SW1_Read();
 130:main.c        ****        }
 131:main.c        ****     
 132:main.c        ****     motor_start();              // motor start
 133:main.c        **** 
 134:main.c        ****     //motor_forward(100,4800);     // moving forward
 135:main.c        ****     motor_turn(200,205,1000);
 136:main.c        ****     motor_turn(50,200,600);
 137:main.c        ****     motor_turn(200,205,1000);
 138:main.c        ****     motor_turn(50,200,600);
 139:main.c        ****     motor_turn(200,205,1000);
 140:main.c        ****     motor_turn(50,200,600);
 141:main.c        ****     motor_turn(200,205,1000);
 142:main.c        ****     motor_turn(50,200,600);
 143:main.c        ****     
 144:main.c        ****     //motor_turn(200,205,x) suoraan
 145:main.c        ****     //motor_turn(200,50,600); 90-asteen käännös oikealle
 146:main.c        ****     //motor_turn(50,200,600); 90-asteen käännös vasemmalle
 147:main.c        **** 
 148:main.c        ****     //motor_backward(100,2000);    // movinb backward
 149:main.c        ****        
 150:main.c        ****     motor_stop();               // motor stop*/
 151:main.c        ****     
 152:main.c        ****     for(;;)
 153:main.c        ****     {
 154:main.c        ****         
 155:main.c        ****         ADC_Battery_StartConvert();
 156:main.c        ****         if(ADC_Battery_IsEndConversion(ADC_Battery_WAIT_FOR_RESULT)) {   // wait for get ADC conver
 157:main.c        ****             adcresult = ADC_Battery_GetResult16();
 158:main.c        ****             volts = ADC_Battery_CountsTo_Volts(adcresult) * 1.5;                  // convert value 
 159:main.c        ****             
ARM GAS  C:\Users\TIMOK_~1\AppData\Local\Temp\ccjMbU4Z.s 			page 8


 160:main.c        ****            
 161:main.c        ****             if (volts < 4) {
 162:main.c        ****                 BatteryLed_Write(1);
 163:main.c        ****                 CyDelay(250);
 164:main.c        ****                  BatteryLed_Write(0);
 165:main.c        ****             }
 166:main.c        ****             // If you want to print value
 167:main.c        ****             printf("%d %f\r\n",adcresult, volts);
 168:main.c        ****         }
 169:main.c        ****         CyDelay(500);
 170:main.c        ****         
 171:main.c        ****     }
 172:main.c        ****     
 173:main.c        ****     
 174:main.c        ****     
 175:main.c        ****  }   
 176:main.c        **** 
 177:main.c        **** 
 178:main.c        **** 
 179:main.c        **** /*//ultra sonic sensor//
 180:main.c        **** int main()
 181:main.c        **** {
 182:main.c        ****     CyGlobalIntEnable; 
 183:main.c        ****     UART_1_Start();
 184:main.c        ****     Ultra_Start();                          // Ultra Sonic Start function
 185:main.c        ****     while(1) {
 186:main.c        ****         //If you want to print out the value  
 187:main.c        ****         printf("distance = %5.0f\r\n", Ultra_GetDistance());
 188:main.c        ****         CyDelay(1000);
 189:main.c        ****     }
 190:main.c        **** }   
 191:main.c        **** //*/
 192:main.c        **** 
 193:main.c        **** 
 194:main.c        **** /*//nunchuk//
 195:main.c        **** int main()
 196:main.c        **** {
 197:main.c        ****     CyGlobalIntEnable; 
 198:main.c        ****     UART_1_Start();
 199:main.c        ****   
 200:main.c        ****     nunchuk_start();
 201:main.c        ****     nunchuk_init();
 202:main.c        ****     
 203:main.c        ****     for(;;)
 204:main.c        ****     {    
 205:main.c        ****         nunchuk_read();
 206:main.c        ****     }
 207:main.c        **** }   
 208:main.c        **** //*/
 209:main.c        **** 
 210:main.c        **** 
 211:main.c        **** /*//IR receiver//
 212:main.c        **** int main()
 213:main.c        **** {
 214:main.c        ****     CyGlobalIntEnable; 
 215:main.c        ****     UART_1_Start();
 216:main.c        ****     
ARM GAS  C:\Users\TIMOK_~1\AppData\Local\Temp\ccjMbU4Z.s 			page 9


 217:main.c        ****     unsigned int IR_val; 
 218:main.c        ****     
 219:main.c        ****     for(;;)
 220:main.c        ****     {
 221:main.c        ****        IR_val = get_IR();
 222:main.c        ****        printf("%x\r\n\n",IR_val);
 223:main.c        ****     }    
 224:main.c        ****  }   
 225:main.c        **** //*/
 226:main.c        **** 
 227:main.c        **** 
 228:main.c        **** /*//Ambient light sensor//
 229:main.c        **** int main()
 230:main.c        **** {
 231:main.c        ****     CyGlobalIntEnable; 
 232:main.c        ****     UART_1_Start();
 233:main.c        ****     
 234:main.c        ****     I2C_Start();
 235:main.c        ****     
 236:main.c        ****     I2C_write(0x29,0x80,0x00);          // set to power down
 237:main.c        ****     I2C_write(0x29,0x80,0x03);          // set to power on
 238:main.c        ****     
 239:main.c        ****     for(;;)
 240:main.c        ****     {    
 241:main.c        ****         uint8 Data0Low,Data0High,Data1Low,Data1High;
 242:main.c        ****         Data0Low = I2C_read(0x29,CH0_L);
 243:main.c        ****         Data0High = I2C_read(0x29,CH0_H);
 244:main.c        ****         Data1Low = I2C_read(0x29,CH1_L);
 245:main.c        ****         Data1High = I2C_read(0x29,CH1_H);
 246:main.c        ****         
 247:main.c        ****         uint8 CH0, CH1;
 248:main.c        ****         CH0 = convert_raw(Data0Low,Data0High);      // combine Data0
 249:main.c        ****         CH1 = convert_raw(Data1Low,Data1High);      // combine Data1
 250:main.c        **** 
 251:main.c        ****         double Ch0 = CH0;
 252:main.c        ****         double Ch1 = CH1;
 253:main.c        ****         
 254:main.c        ****         double data = 0;
 255:main.c        ****         data = getLux(Ch0,Ch1);
 256:main.c        ****         
 257:main.c        ****         // If you want to print out data
 258:main.c        ****         //printf("%lf\r\n",data);    
 259:main.c        ****     }    
 260:main.c        ****  }   
 261:main.c        **** //*/
 262:main.c        **** 
 263:main.c        **** 
 264:main.c        **** /*//accelerometer//
 265:main.c        **** int main()
 266:main.c        **** {
 267:main.c        ****     CyGlobalIntEnable; 
 268:main.c        ****     UART_1_Start();
 269:main.c        ****   
 270:main.c        ****     I2C_Start();
 271:main.c        ****   
 272:main.c        ****     uint8 X_L_A, X_H_A, Y_L_A, Y_H_A, Z_L_A, Z_H_A;
 273:main.c        ****     int16 X_AXIS_A, Y_AXIS_A, Z_AXIS_A;
ARM GAS  C:\Users\TIMOK_~1\AppData\Local\Temp\ccjMbU4Z.s 			page 10


 274:main.c        ****     
 275:main.c        ****     I2C_write(ACCEL_MAG_ADDR, ACCEL_CTRL1_REG, 0x37);           // set accelerometer & magnetometer
 276:main.c        ****     I2C_write(ACCEL_MAG_ADDR, ACCEL_CTRL7_REG, 0x22);
 277:main.c        ****     
 278:main.c        ****     
 279:main.c        ****     for(;;)
 280:main.c        ****     {
 281:main.c        ****         //print out accelerometer output
 282:main.c        ****         X_L_A = I2C_read(ACCEL_MAG_ADDR, OUT_X_L_A);
 283:main.c        ****         X_H_A = I2C_read(ACCEL_MAG_ADDR, OUT_X_H_A);
 284:main.c        ****         X_AXIS_A = convert_raw(X_L_A, X_H_A);
 285:main.c        ****         
 286:main.c        ****         Y_L_A = I2C_read(ACCEL_MAG_ADDR, OUT_Y_L_A);
 287:main.c        ****         Y_H_A = I2C_read(ACCEL_MAG_ADDR, OUT_Y_H_A);
 288:main.c        ****         Y_AXIS_A = convert_raw(Y_L_A, Y_H_A);
 289:main.c        ****         
 290:main.c        ****         Z_L_A = I2C_read(ACCEL_MAG_ADDR, OUT_Z_L_A);
 291:main.c        ****         Z_H_A = I2C_read(ACCEL_MAG_ADDR, OUT_Z_H_A);
 292:main.c        ****         Z_AXIS_A = convert_raw(Z_L_A, Z_H_A);
 293:main.c        ****         
 294:main.c        ****         printf("ACCEL: %d %d %d %d %d %d \r\n", X_L_A, X_H_A, Y_L_A, Y_H_A, Z_L_A, Z_H_A);
 295:main.c        ****         value_convert_accel(X_AXIS_A, Y_AXIS_A, Z_AXIS_A);
 296:main.c        ****         printf("\n");
 297:main.c        ****         
 298:main.c        ****         CyDelay(50);
 299:main.c        ****     }
 300:main.c        **** }   
 301:main.c        **** //*/
 302:main.c        **** 
 303:main.c        **** 
 304:main.c        **** /*//reflectance//
 305:main.c        **** int main()
 306:main.c        **** {
 307:main.c        ****     struct sensors_ ref;
 308:main.c        ****     struct sensors_ dig;
 309:main.c        ****     CyGlobalIntEnable; 
 310:main.c        ****     UART_1_Start();
 311:main.c        ****   
 312:main.c        ****     sensor_isr_StartEx(sensor_isr_handler);
 313:main.c        ****     
 314:main.c        ****     reflectance_start();
 315:main.c        **** 
 316:main.c        ****     IR_led_Write(1);
 317:main.c        ****     for(;;)
 318:main.c        ****     {
 319:main.c        ****         reflectance_read(&ref);
 320:main.c        ****         printf("%d %d %d %d \r\n", ref.l3, ref.l1, ref.r1, ref.r3);       //print out each period o
 321:main.c        ****         reflectance_digital(&dig);      //print out 0 or 1 according to results of reflectance peri
 322:main.c        ****         printf("%d %d %d %d \r\n", dig.l3, dig.l1, dig.r1, dig.r3);        //print out 0 or 1 accor
 323:main.c        ****         
 324:main.c        ****         CyDelay(500);
 325:main.c        ****     }
 326:main.c        **** }   
 327:main.c        **** //*/
 328:main.c        **** 
 329:main.c        ****   //motor//
 330:main.c        **** /*int main()
ARM GAS  C:\Users\TIMOK_~1\AppData\Local\Temp\ccjMbU4Z.s 			page 11


 331:main.c        **** {
 332:main.c        ****     CyGlobalIntEnable; 
 333:main.c        ****     UART_1_Start();
 334:main.c        **** 
 335:main.c        ****     motor_start();              // motor start
 336:main.c        **** 
 337:main.c        ****     motor_forward(100,4800);     // moving forward
 338:main.c        ****     motor_turn(200,50,2000);     // turn
 339:main.c        ****     //motor_turn(50,200,2000);     // turn
 340:main.c        ****     //motor_backward(100,2000);    // movinb backward
 341:main.c        ****        
 342:main.c        ****     motor_stop();               // motor stop
 343:main.c        ****     
 344:main.c        ****     for(;;)
 345:main.c        ****     {
 346:main.c        **** 
 347:main.c        ****     }
 348:main.c        **** }*/
 349:main.c        **** //*/
 350:main.c        ****     
 351:main.c        **** 
 352:main.c        **** /*//gyroscope//
 353:main.c        **** int main()
 354:main.c        **** {
 355:main.c        ****     CyGlobalIntEnable; 
 356:main.c        ****     UART_1_Start();
 357:main.c        ****   
 358:main.c        ****     I2C_Start();
 359:main.c        ****   
 360:main.c        ****     uint8 X_L_G, X_H_G, Y_L_G, Y_H_G, Z_L_G, Z_H_G;
 361:main.c        ****     int16 X_AXIS_G, Y_AXIS_G, Z_AXIS_G;
 362:main.c        ****     
 363:main.c        ****     I2C_write(GYRO_ADDR, GYRO_CTRL1_REG, 0x0F);             // set gyroscope into active mode
 364:main.c        ****     I2C_write(GYRO_ADDR, GYRO_CTRL4_REG, 0x30);             // set full scale selection to 2000dps 
 365:main.c        ****     
 366:main.c        ****     for(;;)
 367:main.c        ****     {
 368:main.c        ****         //print out gyroscope output
 369:main.c        ****         X_L_G = I2C_read(GYRO_ADDR, OUT_X_AXIS_L);
 370:main.c        ****         X_H_G = I2C_read(GYRO_ADDR, OUT_X_AXIS_H);
 371:main.c        ****         X_AXIS_G = convert_raw(X_H_G, X_L_G);
 372:main.c        ****         
 373:main.c        ****         
 374:main.c        ****         Y_L_G = I2C_read(GYRO_ADDR, OUT_Y_AXIS_L);
 375:main.c        ****         Y_H_G = I2C_read(GYRO_ADDR, OUT_Y_AXIS_H);
 376:main.c        ****         Y_AXIS_G = convert_raw(Y_H_G, Y_L_G);
 377:main.c        ****         
 378:main.c        ****         
 379:main.c        ****         Z_L_G = I2C_read(GYRO_ADDR, OUT_Z_AXIS_L);
 380:main.c        ****         Z_H_G = I2C_read(GYRO_ADDR, OUT_Z_AXIS_H);
 381:main.c        ****         Z_AXIS_G = convert_raw(Z_H_G, Z_L_G);
 382:main.c        ****      
 383:main.c        ****         // If you want to print value
 384:main.c        ****         printf("%d %d %d \r\n", X_AXIS_G, Y_AXIS_G, Z_AXIS_G);
 385:main.c        ****         CyDelay(50);
 386:main.c        ****     }
 387:main.c        **** }   
ARM GAS  C:\Users\TIMOK_~1\AppData\Local\Temp\ccjMbU4Z.s 			page 12


 388:main.c        **** //*/
 389:main.c        **** 
 390:main.c        **** 
 391:main.c        **** /*//magnetometer//
 392:main.c        **** int main()
 393:main.c        **** {
 394:main.c        ****     CyGlobalIntEnable; 
 395:main.c        ****     UART_1_Start();
 396:main.c        ****   
 397:main.c        ****     I2C_Start();
 398:main.c        ****    
 399:main.c        ****     uint8 X_L_M, X_H_M, Y_L_M, Y_H_M, Z_L_M, Z_H_M;
 400:main.c        ****     int16 X_AXIS, Y_AXIS, Z_AXIS;
 401:main.c        ****     
 402:main.c        ****     I2C_write(GYRO_ADDR, GYRO_CTRL1_REG, 0x0F);             // set gyroscope into active mode
 403:main.c        ****     I2C_write(GYRO_ADDR, GYRO_CTRL4_REG, 0x30);             // set full scale selection to 2000dps
 404:main.c        ****     I2C_write(ACCEL_MAG_ADDR, ACCEL_CTRL1_REG, 0x37);           // set accelerometer & magnetometer
 405:main.c        ****     I2C_write(ACCEL_MAG_ADDR, ACCEL_CTRL7_REG, 0x22);
 406:main.c        ****     
 407:main.c        ****     
 408:main.c        ****     for(;;)
 409:main.c        ****     {
 410:main.c        ****         X_L_M = I2C_read(ACCEL_MAG_ADDR, OUT_X_L_M);
 411:main.c        ****         X_H_M = I2C_read(ACCEL_MAG_ADDR, OUT_X_H_M);
 412:main.c        ****         X_AXIS = convert_raw(X_L_M, X_H_M);
 413:main.c        ****         
 414:main.c        ****         Y_L_M = I2C_read(ACCEL_MAG_ADDR, OUT_Y_L_M);
 415:main.c        ****         Y_H_M = I2C_read(ACCEL_MAG_ADDR, OUT_Y_H_M);
 416:main.c        ****         Y_AXIS = convert_raw(Y_L_M, Y_H_M);
 417:main.c        ****         
 418:main.c        ****         Z_L_M = I2C_read(ACCEL_MAG_ADDR, OUT_Z_L_M);
 419:main.c        ****         Z_H_M = I2C_read(ACCEL_MAG_ADDR, OUT_Z_H_M);
 420:main.c        ****         Z_AXIS = convert_raw(Z_L_M, Z_H_M);
 421:main.c        ****         
 422:main.c        ****         heading(X_AXIS, Y_AXIS);
 423:main.c        ****         printf("MAGNET: %d %d %d %d %d %d \r\n", X_L_M, X_H_M, Y_L_M, Y_H_M, Z_L_M, Z_H_M);
 424:main.c        ****         printf("%d %d %d \r\n", X_AXIS,Y_AXIS, Z_AXIS);
 425:main.c        ****         CyDelay(50);      
 426:main.c        ****     }
 427:main.c        **** }   
 428:main.c        **** //*/
 429:main.c        **** 
 430:main.c        **** 
 431:main.c        **** #if 0
 432:main.c        **** int rread(void)
 433:main.c        **** {
 434:main.c        ****     SC0_SetDriveMode(PIN_DM_STRONG);
 435:main.c        ****     SC0_Write(1);
 436:main.c        ****     CyDelayUs(10);
 437:main.c        ****     SC0_SetDriveMode(PIN_DM_DIG_HIZ);
 438:main.c        ****     Timer_1_Start();
 439:main.c        ****     uint16_t start = Timer_1_ReadCounter();
 440:main.c        ****     uint16_t end = 0;
 441:main.c        ****     while(!(Timer_1_ReadStatusRegister() & Timer_1_STATUS_TC)) {
 442:main.c        ****         if(SC0_Read() == 0 && end == 0) {
 443:main.c        ****             end = Timer_1_ReadCounter();
 444:main.c        ****         }
ARM GAS  C:\Users\TIMOK_~1\AppData\Local\Temp\ccjMbU4Z.s 			page 13


 445:main.c        ****     }
 446:main.c        ****     Timer_1_Stop();
 447:main.c        ****     
 448:main.c        ****     return (start - end);
 449:main.c        **** }
 450:main.c        **** #endif
 451:main.c        **** 
 452:main.c        **** /* Don't remove the functions below */
 453:main.c        **** int _write(int file, char *ptr, int len)
 454:main.c        **** {
 240              		.loc 1 454 0
 241              		.cfi_startproc
 242              		@ args = 0, pretend = 0, frame = 0
 243              		@ frame_needed = 0, uses_anonymous_args = 0
 244              	.LVL27:
 245 0000 F8B5     		push	{r3, r4, r5, r6, r7, lr}
 246              		.cfi_def_cfa_offset 24
 247              		.cfi_offset 3, -24
 248              		.cfi_offset 4, -20
 249              		.cfi_offset 5, -16
 250              		.cfi_offset 6, -12
 251              		.cfi_offset 7, -8
 252              		.cfi_offset 14, -4
 253 0002 0C46     		mov	r4, r1
 254 0004 1746     		mov	r7, r2
 255              	.LVL28:
 455:main.c        ****     (void)file; /* Parameter is not used, suppress unused argument warning */
 456:main.c        **** 	int n;
 457:main.c        **** 	for(n = 0; n < len; n++) {
 256              		.loc 1 457 0
 257 0006 0025     		movs	r5, #0
 258 0008 0BE0     		b	.L14
 259              	.LVL29:
 260              	.L16:
 458:main.c        ****         if(*ptr == '\n') UART_1_PutChar('\r');
 261              		.loc 1 458 0
 262 000a 2378     		ldrb	r3, [r4]	@ zero_extendqisi2
 263 000c 0A2B     		cmp	r3, #10
 264 000e 02D1     		bne	.L15
 265              		.loc 1 458 0 is_stmt 0 discriminator 1
 266 0010 0D20     		movs	r0, #13
 267 0012 FFF7FEFF 		bl	UART_1_PutChar
 268              	.LVL30:
 269              	.L15:
 459:main.c        **** 		UART_1_PutChar(*ptr++);
 270              		.loc 1 459 0 is_stmt 1 discriminator 2
 271 0016 661C     		adds	r6, r4, #1
 272              	.LVL31:
 273 0018 2078     		ldrb	r0, [r4]	@ zero_extendqisi2
 274 001a FFF7FEFF 		bl	UART_1_PutChar
 275              	.LVL32:
 457:main.c        ****         if(*ptr == '\n') UART_1_PutChar('\r');
 276              		.loc 1 457 0 discriminator 2
 277 001e 0135     		adds	r5, r5, #1
 278              	.LVL33:
 279              		.loc 1 459 0 discriminator 2
 280 0020 3446     		mov	r4, r6
ARM GAS  C:\Users\TIMOK_~1\AppData\Local\Temp\ccjMbU4Z.s 			page 14


 281              	.LVL34:
 282              	.L14:
 457:main.c        ****         if(*ptr == '\n') UART_1_PutChar('\r');
 283              		.loc 1 457 0 discriminator 1
 284 0022 BD42     		cmp	r5, r7
 285 0024 F1DB     		blt	.L16
 460:main.c        **** 	}
 461:main.c        **** 	return len;
 462:main.c        **** }
 286              		.loc 1 462 0
 287 0026 3846     		mov	r0, r7
 288 0028 F8BD     		pop	{r3, r4, r5, r6, r7, pc}
 289              		.cfi_endproc
 290              	.LFE64:
 291              		.size	_write, .-_write
 292 002a 00BF     		.section	.text._read,"ax",%progbits
 293              		.align	2
 294              		.global	_read
 295              		.thumb
 296              		.thumb_func
 297              		.type	_read, %function
 298              	_read:
 299              	.LFB65:
 463:main.c        **** 
 464:main.c        **** int _read (int file, char *ptr, int count)
 465:main.c        **** {
 300              		.loc 1 465 0
 301              		.cfi_startproc
 302              		@ args = 0, pretend = 0, frame = 0
 303              		@ frame_needed = 0, uses_anonymous_args = 0
 304              	.LVL35:
 305 0000 F8B5     		push	{r3, r4, r5, r6, r7, lr}
 306              		.cfi_def_cfa_offset 24
 307              		.cfi_offset 3, -24
 308              		.cfi_offset 4, -20
 309              		.cfi_offset 5, -16
 310              		.cfi_offset 6, -12
 311              		.cfi_offset 7, -8
 312              		.cfi_offset 14, -4
 313 0002 0F46     		mov	r7, r1
 314 0004 1446     		mov	r4, r2
 315              	.LVL36:
 466:main.c        ****     int chs = 0;
 316              		.loc 1 466 0
 317 0006 0026     		movs	r6, #0
 467:main.c        ****     char ch;
 468:main.c        ****  
 469:main.c        ****     (void)file; /* Parameter is not used, suppress unused argument warning */
 470:main.c        ****     while(count > 0) {
 318              		.loc 1 470 0
 319 0008 12E0     		b	.L20
 320              	.LVL37:
 321              	.L23:
 471:main.c        ****         ch = UART_1_GetChar();
 322              		.loc 1 471 0
 323 000a FFF7FEFF 		bl	UART_1_GetChar
 324              	.LVL38:
ARM GAS  C:\Users\TIMOK_~1\AppData\Local\Temp\ccjMbU4Z.s 			page 15


 472:main.c        ****         if(ch != 0) {
 325              		.loc 1 472 0
 326 000e 0546     		mov	r5, r0
 327 0010 70B1     		cbz	r0, .L20
 473:main.c        ****             UART_1_PutChar(ch);
 328              		.loc 1 473 0
 329 0012 FFF7FEFF 		bl	UART_1_PutChar
 330              	.LVL39:
 474:main.c        ****             chs++;
 331              		.loc 1 474 0
 332 0016 0136     		adds	r6, r6, #1
 333              	.LVL40:
 475:main.c        ****             if(ch == '\r') {
 334              		.loc 1 475 0
 335 0018 0D2D     		cmp	r5, #13
 336 001a 03D1     		bne	.L21
 337              	.LVL41:
 476:main.c        ****                 ch = '\n';
 477:main.c        ****                 UART_1_PutChar(ch);
 338              		.loc 1 477 0
 339 001c 0A20     		movs	r0, #10
 340 001e FFF7FEFF 		bl	UART_1_PutChar
 341              	.LVL42:
 476:main.c        ****                 ch = '\n';
 342              		.loc 1 476 0
 343 0022 0A25     		movs	r5, #10
 344              	.LVL43:
 345              	.L21:
 478:main.c        ****             }
 479:main.c        ****             *ptr++ = ch;
 346              		.loc 1 479 0
 347 0024 7B1C     		adds	r3, r7, #1
 348              	.LVL44:
 349 0026 3D70     		strb	r5, [r7]
 480:main.c        ****             count--;
 350              		.loc 1 480 0
 351 0028 013C     		subs	r4, r4, #1
 352              	.LVL45:
 481:main.c        ****             if(ch == '\n') break;
 353              		.loc 1 481 0
 354 002a 0A2D     		cmp	r5, #10
 355 002c 02D0     		beq	.L22
 479:main.c        ****             count--;
 356              		.loc 1 479 0
 357 002e 1F46     		mov	r7, r3
 358              	.LVL46:
 359              	.L20:
 470:main.c        ****         ch = UART_1_GetChar();
 360              		.loc 1 470 0
 361 0030 002C     		cmp	r4, #0
 362 0032 EADC     		bgt	.L23
 363              	.LVL47:
 364              	.L22:
 482:main.c        ****         }
 483:main.c        ****     }
 484:main.c        ****     return chs;
 485:main.c        **** }
ARM GAS  C:\Users\TIMOK_~1\AppData\Local\Temp\ccjMbU4Z.s 			page 16


 365              		.loc 1 485 0
 366 0034 3046     		mov	r0, r6
 367 0036 F8BD     		pop	{r3, r4, r5, r6, r7, pc}
 368              		.cfi_endproc
 369              	.LFE65:
 370              		.size	_read, .-_read
 371              		.section	.rodata.str1.4,"aMS",%progbits,1
 372              		.align	2
 373              	.LC0:
 374 0000 0A426F6F 		.ascii	"\012Boot\000"
 374      7400
 375 0006 0000     		.space	2
 376              	.LC1:
 377 0008 25642025 		.ascii	"%d %d %d %d \015\012\000"
 377      64202564 
 377      20256420 
 377      0D0A00
 378 0017 00       		.text
 379              	.Letext0:
 380              		.file 2 "c:\\program files (x86)\\cypress\\psoc creator\\4.0\\psoc creator\\import\\gnu\\arm\\4.9.
 381              		.file 3 "c:\\program files (x86)\\cypress\\psoc creator\\4.0\\psoc creator\\import\\gnu\\arm\\4.9.
 382              		.file 4 "Generated_Source\\PSoC5/cytypes.h"
 383              		.file 5 ".\\ZumoLibrary/Reflectance.h"
 384              		.file 6 ".\\ZumoLibrary/Motor.h"
 385              		.file 7 "Generated_Source\\PSoC5/CyLib.h"
 386              		.file 8 "Generated_Source\\PSoC5/UART_1.h"
 387              		.file 9 "Generated_Source\\PSoC5/ADC_Battery.h"
 388              		.file 10 "Generated_Source\\PSoC5/BatteryLed.h"
 389              		.file 11 "Generated_Source\\PSoC5/sensor_isr.h"
 390              		.file 12 "Generated_Source\\PSoC5/IR_led.h"
 391              		.file 13 "Generated_Source\\PSoC5/SW1.h"
 392              		.file 14 "Generated_Source\\PSoC5/core_cm3.h"
 393              		.file 15 "c:\\program files (x86)\\cypress\\psoc creator\\4.0\\psoc creator\\import\\gnu\\arm\\4.9
 394              		.file 16 "<built-in>"
 395              		.section	.debug_info,"",%progbits
 396              	.Ldebug_info0:
 397 0000 80050000 		.4byte	0x580
 398 0004 0400     		.2byte	0x4
 399 0006 00000000 		.4byte	.Ldebug_abbrev0
 400 000a 04       		.byte	0x4
 401 000b 01       		.uleb128 0x1
 402 000c B6010000 		.4byte	.LASF46
 403 0010 01       		.byte	0x1
 404 0011 6D020000 		.4byte	.LASF47
 405 0015 D1000000 		.4byte	.LASF48
 406 0019 00000000 		.4byte	.Ldebug_ranges0+0
 407 001d 00000000 		.4byte	0
 408 0021 00000000 		.4byte	.Ldebug_line0
 409 0025 02       		.uleb128 0x2
 410 0026 01       		.byte	0x1
 411 0027 06       		.byte	0x6
 412 0028 5A010000 		.4byte	.LASF0
 413 002c 02       		.uleb128 0x2
 414 002d 01       		.byte	0x1
 415 002e 08       		.byte	0x8
 416 002f 1B010000 		.4byte	.LASF1
 417 0033 02       		.uleb128 0x2
ARM GAS  C:\Users\TIMOK_~1\AppData\Local\Temp\ccjMbU4Z.s 			page 17


 418 0034 02       		.byte	0x2
 419 0035 05       		.byte	0x5
 420 0036 1E000000 		.4byte	.LASF2
 421 003a 03       		.uleb128 0x3
 422 003b 3D000000 		.4byte	.LASF4
 423 003f 02       		.byte	0x2
 424 0040 2B       		.byte	0x2b
 425 0041 45000000 		.4byte	0x45
 426 0045 02       		.uleb128 0x2
 427 0046 02       		.byte	0x2
 428 0047 07       		.byte	0x7
 429 0048 98010000 		.4byte	.LASF3
 430 004c 03       		.uleb128 0x3
 431 004d AB020000 		.4byte	.LASF5
 432 0051 02       		.byte	0x2
 433 0052 3F       		.byte	0x3f
 434 0053 57000000 		.4byte	0x57
 435 0057 02       		.uleb128 0x2
 436 0058 04       		.byte	0x4
 437 0059 05       		.byte	0x5
 438 005a FD000000 		.4byte	.LASF6
 439 005e 02       		.uleb128 0x2
 440 005f 04       		.byte	0x4
 441 0060 07       		.byte	0x7
 442 0061 74020000 		.4byte	.LASF7
 443 0065 02       		.uleb128 0x2
 444 0066 08       		.byte	0x8
 445 0067 05       		.byte	0x5
 446 0068 AF000000 		.4byte	.LASF8
 447 006c 02       		.uleb128 0x2
 448 006d 08       		.byte	0x8
 449 006e 07       		.byte	0x7
 450 006f 66010000 		.4byte	.LASF9
 451 0073 04       		.uleb128 0x4
 452 0074 04       		.byte	0x4
 453 0075 05       		.byte	0x5
 454 0076 696E7400 		.ascii	"int\000"
 455 007a 02       		.uleb128 0x2
 456 007b 04       		.byte	0x4
 457 007c 07       		.byte	0x7
 458 007d 7D010000 		.4byte	.LASF10
 459 0081 03       		.uleb128 0x3
 460 0082 8A010000 		.4byte	.LASF11
 461 0086 03       		.byte	0x3
 462 0087 21       		.byte	0x21
 463 0088 3A000000 		.4byte	0x3a
 464 008c 03       		.uleb128 0x3
 465 008d 44020000 		.4byte	.LASF12
 466 0091 03       		.byte	0x3
 467 0092 2C       		.byte	0x2c
 468 0093 4C000000 		.4byte	0x4c
 469 0097 05       		.uleb128 0x5
 470 0098 6E000000 		.4byte	.LASF13
 471 009c 04       		.byte	0x4
 472 009d 9201     		.2byte	0x192
 473 009f 2C000000 		.4byte	0x2c
 474 00a3 05       		.uleb128 0x5
ARM GAS  C:\Users\TIMOK_~1\AppData\Local\Temp\ccjMbU4Z.s 			page 18


 475 00a4 66020000 		.4byte	.LASF14
 476 00a8 04       		.byte	0x4
 477 00a9 9401     		.2byte	0x194
 478 00ab 5E000000 		.4byte	0x5e
 479 00af 05       		.uleb128 0x5
 480 00b0 5D000000 		.4byte	.LASF15
 481 00b4 04       		.byte	0x4
 482 00b5 9601     		.2byte	0x196
 483 00b7 33000000 		.4byte	0x33
 484 00bb 02       		.uleb128 0x2
 485 00bc 04       		.byte	0x4
 486 00bd 04       		.byte	0x4
 487 00be A2000000 		.4byte	.LASF16
 488 00c2 02       		.uleb128 0x2
 489 00c3 08       		.byte	0x8
 490 00c4 04       		.byte	0x4
 491 00c5 D7020000 		.4byte	.LASF17
 492 00c9 02       		.uleb128 0x2
 493 00ca 01       		.byte	0x1
 494 00cb 08       		.byte	0x8
 495 00cc B1010000 		.4byte	.LASF18
 496 00d0 05       		.uleb128 0x5
 497 00d1 47010000 		.4byte	.LASF19
 498 00d5 04       		.byte	0x4
 499 00d6 4E02     		.2byte	0x24e
 500 00d8 DC000000 		.4byte	0xdc
 501 00dc 06       		.uleb128 0x6
 502 00dd 04       		.byte	0x4
 503 00de E2000000 		.4byte	0xe2
 504 00e2 07       		.uleb128 0x7
 505 00e3 02       		.uleb128 0x2
 506 00e4 04       		.byte	0x4
 507 00e5 07       		.byte	0x7
 508 00e6 28000000 		.4byte	.LASF20
 509 00ea 06       		.uleb128 0x6
 510 00eb 04       		.byte	0x4
 511 00ec C9000000 		.4byte	0xc9
 512 00f0 06       		.uleb128 0x6
 513 00f1 04       		.byte	0x4
 514 00f2 F6000000 		.4byte	0xf6
 515 00f6 08       		.uleb128 0x8
 516 00f7 C9000000 		.4byte	0xc9
 517 00fb 09       		.uleb128 0x9
 518 00fc 4D000000 		.4byte	.LASF49
 519 0100 08       		.byte	0x8
 520 0101 05       		.byte	0x5
 521 0102 11       		.byte	0x11
 522 0103 34010000 		.4byte	0x134
 523 0107 0A       		.uleb128 0xa
 524 0108 6C3300   		.ascii	"l3\000"
 525 010b 05       		.byte	0x5
 526 010c 12       		.byte	0x12
 527 010d 81000000 		.4byte	0x81
 528 0111 00       		.byte	0
 529 0112 0A       		.uleb128 0xa
 530 0113 6C3100   		.ascii	"l1\000"
 531 0116 05       		.byte	0x5
ARM GAS  C:\Users\TIMOK_~1\AppData\Local\Temp\ccjMbU4Z.s 			page 19


 532 0117 14       		.byte	0x14
 533 0118 81000000 		.4byte	0x81
 534 011c 02       		.byte	0x2
 535 011d 0A       		.uleb128 0xa
 536 011e 723100   		.ascii	"r1\000"
 537 0121 05       		.byte	0x5
 538 0122 15       		.byte	0x15
 539 0123 81000000 		.4byte	0x81
 540 0127 04       		.byte	0x4
 541 0128 0A       		.uleb128 0xa
 542 0129 723300   		.ascii	"r3\000"
 543 012c 05       		.byte	0x5
 544 012d 17       		.byte	0x17
 545 012e 81000000 		.4byte	0x81
 546 0132 06       		.byte	0x6
 547 0133 00       		.byte	0
 548 0134 02       		.uleb128 0x2
 549 0135 08       		.byte	0x8
 550 0136 04       		.byte	0x4
 551 0137 29010000 		.4byte	.LASF21
 552 013b 0B       		.uleb128 0xb
 553 013c 31000000 		.4byte	.LASF50
 554 0140 01       		.byte	0x1
 555 0141 37       		.byte	0x37
 556 0142 73000000 		.4byte	0x73
 557 0146 00000000 		.4byte	.LFB63
 558 014a 14010000 		.4byte	.LFE63-.LFB63
 559 014e 01       		.uleb128 0x1
 560 014f 9C       		.byte	0x9c
 561 0150 68030000 		.4byte	0x368
 562 0154 0C       		.uleb128 0xc
 563 0155 CD020000 		.4byte	.LASF22
 564 0159 01       		.byte	0x1
 565 015a 3C       		.byte	0x3c
 566 015b AF000000 		.4byte	0xaf
 567 015f 00       		.byte	0
 568 0160 0D       		.uleb128 0xd
 569 0161 AB010000 		.4byte	.LASF23
 570 0165 01       		.byte	0x1
 571 0166 3D       		.byte	0x3d
 572 0167 BB000000 		.4byte	0xbb
 573 016b 04       		.byte	0x4
 574 016c 00000000 		.4byte	0
 575 0170 0E       		.uleb128 0xe
 576 0171 72656600 		.ascii	"ref\000"
 577 0175 01       		.byte	0x1
 578 0176 3E       		.byte	0x3e
 579 0177 FB000000 		.4byte	0xfb
 580 017b 02       		.uleb128 0x2
 581 017c 91       		.byte	0x91
 582 017d 60       		.sleb128 -32
 583 017e 0E       		.uleb128 0xe
 584 017f 64696700 		.ascii	"dig\000"
 585 0183 01       		.byte	0x1
 586 0184 3F       		.byte	0x3f
 587 0185 FB000000 		.4byte	0xfb
 588 0189 02       		.uleb128 0x2
ARM GAS  C:\Users\TIMOK_~1\AppData\Local\Temp\ccjMbU4Z.s 			page 20


 589 018a 91       		.byte	0x91
 590 018b 58       		.sleb128 -40
 591 018c 0F       		.uleb128 0xf
 592 018d 0D010000 		.4byte	.LASF24
 593 0191 01       		.byte	0x1
 594 0192 45       		.byte	0x45
 595 0193 97000000 		.4byte	0x97
 596 0197 00000000 		.4byte	.LLST0
 597 019b 10       		.uleb128 0x10
 598 019c 46000000 		.4byte	.LBB2
 599 01a0 BE000000 		.4byte	.LBE2-.LBB2
 600 01a4 D7020000 		.4byte	0x2d7
 601 01a8 11       		.uleb128 0x11
 602 01a9 A8000000 		.4byte	.LASF25
 603 01ad 01       		.byte	0x1
 604 01ae 5C       		.byte	0x5c
 605 01af 73000000 		.4byte	0x73
 606 01b3 01       		.uleb128 0x1
 607 01b4 54       		.byte	0x54
 608 01b5 11       		.uleb128 0x11
 609 01b6 C6020000 		.4byte	.LASF26
 610 01ba 01       		.byte	0x1
 611 01bb 5D       		.byte	0x5d
 612 01bc 73000000 		.4byte	0x73
 613 01c0 01       		.uleb128 0x1
 614 01c1 55       		.byte	0x55
 615 01c2 11       		.uleb128 0x11
 616 01c3 14010000 		.4byte	.LASF27
 617 01c7 01       		.byte	0x1
 618 01c8 5E       		.byte	0x5e
 619 01c9 73000000 		.4byte	0x73
 620 01cd 01       		.uleb128 0x1
 621 01ce 56       		.byte	0x56
 622 01cf 11       		.uleb128 0x11
 623 01d0 56000000 		.4byte	.LASF28
 624 01d4 01       		.byte	0x1
 625 01d5 5F       		.byte	0x5f
 626 01d6 73000000 		.4byte	0x73
 627 01da 01       		.uleb128 0x1
 628 01db 57       		.byte	0x57
 629 01dc 12       		.uleb128 0x12
 630 01dd 4C000000 		.4byte	.LVL13
 631 01e1 84040000 		.4byte	0x484
 632 01e5 F0010000 		.4byte	0x1f0
 633 01e9 13       		.uleb128 0x13
 634 01ea 01       		.uleb128 0x1
 635 01eb 50       		.byte	0x50
 636 01ec 02       		.uleb128 0x2
 637 01ed 91       		.byte	0x91
 638 01ee 60       		.sleb128 -32
 639 01ef 00       		.byte	0
 640 01f0 12       		.uleb128 0x12
 641 01f1 66000000 		.4byte	.LVL14
 642 01f5 9B040000 		.4byte	0x49b
 643 01f9 04020000 		.4byte	0x204
 644 01fd 13       		.uleb128 0x13
 645 01fe 01       		.uleb128 0x1
ARM GAS  C:\Users\TIMOK_~1\AppData\Local\Temp\ccjMbU4Z.s 			page 21


 646 01ff 50       		.byte	0x50
 647 0200 02       		.uleb128 0x2
 648 0201 74       		.byte	0x74
 649 0202 00       		.sleb128 0
 650 0203 00       		.byte	0
 651 0204 12       		.uleb128 0x12
 652 0205 6C000000 		.4byte	.LVL15
 653 0209 B1040000 		.4byte	0x4b1
 654 020d 18020000 		.4byte	0x218
 655 0211 13       		.uleb128 0x13
 656 0212 01       		.uleb128 0x1
 657 0213 50       		.byte	0x50
 658 0214 02       		.uleb128 0x2
 659 0215 91       		.byte	0x91
 660 0216 58       		.sleb128 -40
 661 0217 00       		.byte	0
 662 0218 12       		.uleb128 0x12
 663 0219 84000000 		.4byte	.LVL16
 664 021d 9B040000 		.4byte	0x49b
 665 0221 2C020000 		.4byte	0x22c
 666 0225 13       		.uleb128 0x13
 667 0226 01       		.uleb128 0x1
 668 0227 50       		.byte	0x50
 669 0228 02       		.uleb128 0x2
 670 0229 74       		.byte	0x74
 671 022a 00       		.sleb128 0
 672 022b 00       		.byte	0
 673 022c 12       		.uleb128 0x12
 674 022d A2000000 		.4byte	.LVL21
 675 0231 C2040000 		.4byte	0x4c2
 676 0235 4B020000 		.4byte	0x24b
 677 0239 13       		.uleb128 0x13
 678 023a 01       		.uleb128 0x1
 679 023b 52       		.byte	0x52
 680 023c 01       		.uleb128 0x1
 681 023d 3A       		.byte	0x3a
 682 023e 13       		.uleb128 0x13
 683 023f 01       		.uleb128 0x1
 684 0240 51       		.byte	0x51
 685 0241 02       		.uleb128 0x2
 686 0242 09       		.byte	0x9
 687 0243 CD       		.byte	0xcd
 688 0244 13       		.uleb128 0x13
 689 0245 01       		.uleb128 0x1
 690 0246 50       		.byte	0x50
 691 0247 02       		.uleb128 0x2
 692 0248 09       		.byte	0x9
 693 0249 C8       		.byte	0xc8
 694 024a 00       		.byte	0
 695 024b 12       		.uleb128 0x12
 696 024c BA000000 		.4byte	.LVL22
 697 0250 C2040000 		.4byte	0x4c2
 698 0254 6A020000 		.4byte	0x26a
 699 0258 13       		.uleb128 0x13
 700 0259 01       		.uleb128 0x1
 701 025a 52       		.byte	0x52
 702 025b 01       		.uleb128 0x1
ARM GAS  C:\Users\TIMOK_~1\AppData\Local\Temp\ccjMbU4Z.s 			page 22


 703 025c 3A       		.byte	0x3a
 704 025d 13       		.uleb128 0x13
 705 025e 01       		.uleb128 0x1
 706 025f 51       		.byte	0x51
 707 0260 02       		.uleb128 0x2
 708 0261 08       		.byte	0x8
 709 0262 64       		.byte	0x64
 710 0263 13       		.uleb128 0x13
 711 0264 01       		.uleb128 0x1
 712 0265 50       		.byte	0x50
 713 0266 02       		.uleb128 0x2
 714 0267 09       		.byte	0x9
 715 0268 C8       		.byte	0xc8
 716 0269 00       		.byte	0
 717 026a 12       		.uleb128 0x12
 718 026b D2000000 		.4byte	.LVL23
 719 026f C2040000 		.4byte	0x4c2
 720 0273 89020000 		.4byte	0x289
 721 0277 13       		.uleb128 0x13
 722 0278 01       		.uleb128 0x1
 723 0279 52       		.byte	0x52
 724 027a 01       		.uleb128 0x1
 725 027b 3A       		.byte	0x3a
 726 027c 13       		.uleb128 0x13
 727 027d 01       		.uleb128 0x1
 728 027e 51       		.byte	0x51
 729 027f 02       		.uleb128 0x2
 730 0280 09       		.byte	0x9
 731 0281 C8       		.byte	0xc8
 732 0282 13       		.uleb128 0x13
 733 0283 01       		.uleb128 0x1
 734 0284 50       		.byte	0x50
 735 0285 02       		.uleb128 0x2
 736 0286 08       		.byte	0x8
 737 0287 64       		.byte	0x64
 738 0288 00       		.byte	0
 739 0289 12       		.uleb128 0x12
 740 028a E8000000 		.4byte	.LVL24
 741 028e C2040000 		.4byte	0x4c2
 742 0292 A8020000 		.4byte	0x2a8
 743 0296 13       		.uleb128 0x13
 744 0297 01       		.uleb128 0x1
 745 0298 52       		.byte	0x52
 746 0299 01       		.uleb128 0x1
 747 029a 3A       		.byte	0x3a
 748 029b 13       		.uleb128 0x13
 749 029c 01       		.uleb128 0x1
 750 029d 51       		.byte	0x51
 751 029e 02       		.uleb128 0x2
 752 029f 08       		.byte	0x8
 753 02a0 32       		.byte	0x32
 754 02a1 13       		.uleb128 0x13
 755 02a2 01       		.uleb128 0x1
 756 02a3 50       		.byte	0x50
 757 02a4 02       		.uleb128 0x2
 758 02a5 09       		.byte	0x9
 759 02a6 C8       		.byte	0xc8
ARM GAS  C:\Users\TIMOK_~1\AppData\Local\Temp\ccjMbU4Z.s 			page 23


 760 02a7 00       		.byte	0
 761 02a8 12       		.uleb128 0x12
 762 02a9 FE000000 		.4byte	.LVL25
 763 02ad C2040000 		.4byte	0x4c2
 764 02b1 C7020000 		.4byte	0x2c7
 765 02b5 13       		.uleb128 0x13
 766 02b6 01       		.uleb128 0x1
 767 02b7 52       		.byte	0x52
 768 02b8 01       		.uleb128 0x1
 769 02b9 3A       		.byte	0x3a
 770 02ba 13       		.uleb128 0x13
 771 02bb 01       		.uleb128 0x1
 772 02bc 51       		.byte	0x51
 773 02bd 02       		.uleb128 0x2
 774 02be 09       		.byte	0x9
 775 02bf C8       		.byte	0xc8
 776 02c0 13       		.uleb128 0x13
 777 02c1 01       		.uleb128 0x1
 778 02c2 50       		.byte	0x50
 779 02c3 02       		.uleb128 0x2
 780 02c4 08       		.byte	0x8
 781 02c5 32       		.byte	0x32
 782 02c6 00       		.byte	0
 783 02c7 14       		.uleb128 0x14
 784 02c8 04010000 		.4byte	.LVL26
 785 02cc DD040000 		.4byte	0x4dd
 786 02d0 13       		.uleb128 0x13
 787 02d1 01       		.uleb128 0x1
 788 02d2 50       		.byte	0x50
 789 02d3 01       		.uleb128 0x1
 790 02d4 3A       		.byte	0x3a
 791 02d5 00       		.byte	0
 792 02d6 00       		.byte	0
 793 02d7 15       		.uleb128 0x15
 794 02d8 0A000000 		.4byte	.LVL0
 795 02dc EE040000 		.4byte	0x4ee
 796 02e0 15       		.uleb128 0x15
 797 02e1 0E000000 		.4byte	.LVL1
 798 02e5 F5040000 		.4byte	0x4f5
 799 02e9 12       		.uleb128 0x12
 800 02ea 14000000 		.4byte	.LVL2
 801 02ee FC040000 		.4byte	0x4fc
 802 02f2 00030000 		.4byte	0x300
 803 02f6 13       		.uleb128 0x13
 804 02f7 01       		.uleb128 0x1
 805 02f8 50       		.byte	0x50
 806 02f9 05       		.uleb128 0x5
 807 02fa 03       		.byte	0x3
 808 02fb 00000000 		.4byte	.LC0
 809 02ff 00       		.byte	0
 810 0300 12       		.uleb128 0x12
 811 0301 1A000000 		.4byte	.LVL3
 812 0305 15050000 		.4byte	0x515
 813 0309 13030000 		.4byte	0x313
 814 030d 13       		.uleb128 0x13
 815 030e 01       		.uleb128 0x1
 816 030f 50       		.byte	0x50
ARM GAS  C:\Users\TIMOK_~1\AppData\Local\Temp\ccjMbU4Z.s 			page 24


 817 0310 01       		.uleb128 0x1
 818 0311 30       		.byte	0x30
 819 0312 00       		.byte	0
 820 0313 15       		.uleb128 0x15
 821 0314 1E000000 		.4byte	.LVL4
 822 0318 26050000 		.4byte	0x526
 823 031c 15       		.uleb128 0x15
 824 031d 26000000 		.4byte	.LVL6
 825 0321 31050000 		.4byte	0x531
 826 0325 15       		.uleb128 0x15
 827 0326 2A000000 		.4byte	.LVL7
 828 032a 42050000 		.4byte	0x542
 829 032e 12       		.uleb128 0x12
 830 032f 30000000 		.4byte	.LVL8
 831 0333 49050000 		.4byte	0x549
 832 0337 41030000 		.4byte	0x341
 833 033b 13       		.uleb128 0x13
 834 033c 01       		.uleb128 0x1
 835 033d 50       		.byte	0x50
 836 033e 01       		.uleb128 0x1
 837 033f 31       		.byte	0x31
 838 0340 00       		.byte	0
 839 0341 12       		.uleb128 0x12
 840 0342 36000000 		.4byte	.LVL9
 841 0346 DD040000 		.4byte	0x4dd
 842 034a 55030000 		.4byte	0x355
 843 034e 13       		.uleb128 0x13
 844 034f 01       		.uleb128 0x1
 845 0350 50       		.byte	0x50
 846 0351 02       		.uleb128 0x2
 847 0352 08       		.byte	0x8
 848 0353 32       		.byte	0x32
 849 0354 00       		.byte	0
 850 0355 15       		.uleb128 0x15
 851 0356 3C000000 		.4byte	.LVL10
 852 035a 26050000 		.4byte	0x526
 853 035e 15       		.uleb128 0x15
 854 035f 46000000 		.4byte	.LVL12
 855 0363 5A050000 		.4byte	0x55a
 856 0367 00       		.byte	0
 857 0368 16       		.uleb128 0x16
 858 0369 36000000 		.4byte	.LASF30
 859 036d 01       		.byte	0x1
 860 036e C501     		.2byte	0x1c5
 861 0370 73000000 		.4byte	0x73
 862 0374 00000000 		.4byte	.LFB64
 863 0378 2A000000 		.4byte	.LFE64-.LFB64
 864 037c 01       		.uleb128 0x1
 865 037d 9C       		.byte	0x9c
 866 037e DD030000 		.4byte	0x3dd
 867 0382 17       		.uleb128 0x17
 868 0383 48000000 		.4byte	.LASF29
 869 0387 01       		.byte	0x1
 870 0388 C501     		.2byte	0x1c5
 871 038a 73000000 		.4byte	0x73
 872 038e 13000000 		.4byte	.LLST1
 873 0392 18       		.uleb128 0x18
ARM GAS  C:\Users\TIMOK_~1\AppData\Local\Temp\ccjMbU4Z.s 			page 25


 874 0393 70747200 		.ascii	"ptr\000"
 875 0397 01       		.byte	0x1
 876 0398 C501     		.2byte	0x1c5
 877 039a EA000000 		.4byte	0xea
 878 039e 34000000 		.4byte	.LLST2
 879 03a2 18       		.uleb128 0x18
 880 03a3 6C656E00 		.ascii	"len\000"
 881 03a7 01       		.byte	0x1
 882 03a8 C501     		.2byte	0x1c5
 883 03aa 73000000 		.4byte	0x73
 884 03ae 68000000 		.4byte	.LLST3
 885 03b2 19       		.uleb128 0x19
 886 03b3 6E00     		.ascii	"n\000"
 887 03b5 01       		.byte	0x1
 888 03b6 C801     		.2byte	0x1c8
 889 03b8 73000000 		.4byte	0x73
 890 03bc 86000000 		.4byte	.LLST4
 891 03c0 12       		.uleb128 0x12
 892 03c1 16000000 		.4byte	.LVL30
 893 03c5 67050000 		.4byte	0x567
 894 03c9 D3030000 		.4byte	0x3d3
 895 03cd 13       		.uleb128 0x13
 896 03ce 01       		.uleb128 0x1
 897 03cf 50       		.byte	0x50
 898 03d0 01       		.uleb128 0x1
 899 03d1 3D       		.byte	0x3d
 900 03d2 00       		.byte	0
 901 03d3 15       		.uleb128 0x15
 902 03d4 1E000000 		.4byte	.LVL32
 903 03d8 67050000 		.4byte	0x567
 904 03dc 00       		.byte	0
 905 03dd 16       		.uleb128 0x16
 906 03de 54010000 		.4byte	.LASF31
 907 03e2 01       		.byte	0x1
 908 03e3 D001     		.2byte	0x1d0
 909 03e5 73000000 		.4byte	0x73
 910 03e9 00000000 		.4byte	.LFB65
 911 03ed 38000000 		.4byte	.LFE65-.LFB65
 912 03f1 01       		.uleb128 0x1
 913 03f2 9C       		.byte	0x9c
 914 03f3 73040000 		.4byte	0x473
 915 03f7 17       		.uleb128 0x17
 916 03f8 48000000 		.4byte	.LASF29
 917 03fc 01       		.byte	0x1
 918 03fd D001     		.2byte	0x1d0
 919 03ff 73000000 		.4byte	0x73
 920 0403 A5000000 		.4byte	.LLST5
 921 0407 18       		.uleb128 0x18
 922 0408 70747200 		.ascii	"ptr\000"
 923 040c 01       		.byte	0x1
 924 040d D001     		.2byte	0x1d0
 925 040f EA000000 		.4byte	0xea
 926 0413 C6000000 		.4byte	.LLST6
 927 0417 17       		.uleb128 0x17
 928 0418 A5020000 		.4byte	.LASF32
 929 041c 01       		.byte	0x1
 930 041d D001     		.2byte	0x1d0
ARM GAS  C:\Users\TIMOK_~1\AppData\Local\Temp\ccjMbU4Z.s 			page 26


 931 041f 73000000 		.4byte	0x73
 932 0423 FA000000 		.4byte	.LLST7
 933 0427 19       		.uleb128 0x19
 934 0428 63687300 		.ascii	"chs\000"
 935 042c 01       		.byte	0x1
 936 042d D201     		.2byte	0x1d2
 937 042f 73000000 		.4byte	0x73
 938 0433 18010000 		.4byte	.LLST8
 939 0437 19       		.uleb128 0x19
 940 0438 636800   		.ascii	"ch\000"
 941 043b 01       		.byte	0x1
 942 043c D301     		.2byte	0x1d3
 943 043e C9000000 		.4byte	0xc9
 944 0442 37010000 		.4byte	.LLST9
 945 0446 15       		.uleb128 0x15
 946 0447 0E000000 		.4byte	.LVL38
 947 044b 78050000 		.4byte	0x578
 948 044f 12       		.uleb128 0x12
 949 0450 16000000 		.4byte	.LVL39
 950 0454 67050000 		.4byte	0x567
 951 0458 63040000 		.4byte	0x463
 952 045c 13       		.uleb128 0x13
 953 045d 01       		.uleb128 0x1
 954 045e 50       		.byte	0x50
 955 045f 02       		.uleb128 0x2
 956 0460 75       		.byte	0x75
 957 0461 00       		.sleb128 0
 958 0462 00       		.byte	0
 959 0463 14       		.uleb128 0x14
 960 0464 22000000 		.4byte	.LVL42
 961 0468 67050000 		.4byte	0x567
 962 046c 13       		.uleb128 0x13
 963 046d 01       		.uleb128 0x1
 964 046e 50       		.byte	0x50
 965 046f 01       		.uleb128 0x1
 966 0470 3A       		.byte	0x3a
 967 0471 00       		.byte	0
 968 0472 00       		.byte	0
 969 0473 1A       		.uleb128 0x1a
 970 0474 DE020000 		.4byte	.LASF51
 971 0478 0E       		.byte	0xe
 972 0479 9606     		.2byte	0x696
 973 047b 7F040000 		.4byte	0x47f
 974 047f 1B       		.uleb128 0x1b
 975 0480 8C000000 		.4byte	0x8c
 976 0484 1C       		.uleb128 0x1c
 977 0485 B5020000 		.4byte	.LASF33
 978 0489 05       		.byte	0x5
 979 048a 1B       		.byte	0x1b
 980 048b 95040000 		.4byte	0x495
 981 048f 1D       		.uleb128 0x1d
 982 0490 95040000 		.4byte	0x495
 983 0494 00       		.byte	0
 984 0495 06       		.uleb128 0x6
 985 0496 04       		.byte	0x4
 986 0497 FB000000 		.4byte	0xfb
 987 049b 1E       		.uleb128 0x1e
ARM GAS  C:\Users\TIMOK_~1\AppData\Local\Temp\ccjMbU4Z.s 			page 27


 988 049c 06010000 		.4byte	.LASF52
 989 04a0 0F       		.byte	0xf
 990 04a1 B2       		.byte	0xb2
 991 04a2 73000000 		.4byte	0x73
 992 04a6 B1040000 		.4byte	0x4b1
 993 04aa 1D       		.uleb128 0x1d
 994 04ab F0000000 		.4byte	0xf0
 995 04af 1F       		.uleb128 0x1f
 996 04b0 00       		.byte	0
 997 04b1 1C       		.uleb128 0x1c
 998 04b2 BD000000 		.4byte	.LASF34
 999 04b6 05       		.byte	0x5
 1000 04b7 1C       		.byte	0x1c
 1001 04b8 C2040000 		.4byte	0x4c2
 1002 04bc 1D       		.uleb128 0x1d
 1003 04bd 95040000 		.4byte	0x495
 1004 04c1 00       		.byte	0
 1005 04c2 1C       		.uleb128 0x1c
 1006 04c3 63000000 		.4byte	.LASF35
 1007 04c7 06       		.byte	0x6
 1008 04c8 12       		.byte	0x12
 1009 04c9 DD040000 		.4byte	0x4dd
 1010 04cd 1D       		.uleb128 0x1d
 1011 04ce 97000000 		.4byte	0x97
 1012 04d2 1D       		.uleb128 0x1d
 1013 04d3 97000000 		.4byte	0x97
 1014 04d7 1D       		.uleb128 0x1d
 1015 04d8 A3000000 		.4byte	0xa3
 1016 04dc 00       		.byte	0
 1017 04dd 1C       		.uleb128 0x1c
 1018 04de EB020000 		.4byte	.LASF36
 1019 04e2 07       		.byte	0x7
 1020 04e3 76       		.byte	0x76
 1021 04e4 EE040000 		.4byte	0x4ee
 1022 04e8 1D       		.uleb128 0x1d
 1023 04e9 A3000000 		.4byte	0xa3
 1024 04ed 00       		.byte	0
 1025 04ee 20       		.uleb128 0x20
 1026 04ef 86000000 		.4byte	.LASF37
 1027 04f3 08       		.byte	0x8
 1028 04f4 54       		.byte	0x54
 1029 04f5 20       		.uleb128 0x20
 1030 04f6 35010000 		.4byte	.LASF38
 1031 04fa 09       		.byte	0x9
 1032 04fb 34       		.byte	0x34
 1033 04fc 21       		.uleb128 0x21
 1034 04fd 00000000 		.4byte	.LASF53
 1035 0501 10       		.byte	0x10
 1036 0502 00       		.byte	0
 1037 0503 93010000 		.4byte	.LASF54
 1038 0507 73000000 		.4byte	0x73
 1039 050b 15050000 		.4byte	0x515
 1040 050f 1D       		.uleb128 0x1d
 1041 0510 F0000000 		.4byte	0xf0
 1042 0514 00       		.byte	0
 1043 0515 1C       		.uleb128 0x1c
 1044 0516 4C020000 		.4byte	.LASF39
ARM GAS  C:\Users\TIMOK_~1\AppData\Local\Temp\ccjMbU4Z.s 			page 28


 1045 051a 0A       		.byte	0xa
 1046 051b 26       		.byte	0x26
 1047 051c 26050000 		.4byte	0x526
 1048 0520 1D       		.uleb128 0x1d
 1049 0521 97000000 		.4byte	0x97
 1050 0525 00       		.byte	0
 1051 0526 22       		.uleb128 0x22
 1052 0527 5D020000 		.4byte	.LASF44
 1053 052b 0D       		.byte	0xd
 1054 052c 29       		.byte	0x29
 1055 052d 97000000 		.4byte	0x97
 1056 0531 1C       		.uleb128 0x1c
 1057 0532 86020000 		.4byte	.LASF40
 1058 0536 0B       		.byte	0xb
 1059 0537 18       		.byte	0x18
 1060 0538 42050000 		.4byte	0x542
 1061 053c 1D       		.uleb128 0x1d
 1062 053d D0000000 		.4byte	0xd0
 1063 0541 00       		.byte	0
 1064 0542 20       		.uleb128 0x20
 1065 0543 74000000 		.4byte	.LASF41
 1066 0547 05       		.byte	0x5
 1067 0548 1A       		.byte	0x1a
 1068 0549 1C       		.uleb128 0x1c
 1069 054a F3020000 		.4byte	.LASF42
 1070 054e 0C       		.byte	0xc
 1071 054f 26       		.byte	0x26
 1072 0550 5A050000 		.4byte	0x55a
 1073 0554 1D       		.uleb128 0x1d
 1074 0555 97000000 		.4byte	0x97
 1075 0559 00       		.byte	0
 1076 055a 23       		.uleb128 0x23
 1077 055b 99020000 		.4byte	.LASF55
 1078 055f 06       		.byte	0x6
 1079 0560 0B       		.byte	0xb
 1080 0561 67050000 		.4byte	0x567
 1081 0565 1F       		.uleb128 0x1f
 1082 0566 00       		.byte	0
 1083 0567 1C       		.uleb128 0x1c
 1084 0568 93000000 		.4byte	.LASF43
 1085 056c 08       		.byte	0x8
 1086 056d 8A       		.byte	0x8a
 1087 056e 78050000 		.4byte	0x578
 1088 0572 1D       		.uleb128 0x1d
 1089 0573 97000000 		.4byte	0x97
 1090 0577 00       		.byte	0
 1091 0578 22       		.uleb128 0x22
 1092 0579 0F000000 		.4byte	.LASF45
 1093 057d 08       		.byte	0x8
 1094 057e 71       		.byte	0x71
 1095 057f 97000000 		.4byte	0x97
 1096 0583 00       		.byte	0
 1097              		.section	.debug_abbrev,"",%progbits
 1098              	.Ldebug_abbrev0:
 1099 0000 01       		.uleb128 0x1
 1100 0001 11       		.uleb128 0x11
 1101 0002 01       		.byte	0x1
ARM GAS  C:\Users\TIMOK_~1\AppData\Local\Temp\ccjMbU4Z.s 			page 29


 1102 0003 25       		.uleb128 0x25
 1103 0004 0E       		.uleb128 0xe
 1104 0005 13       		.uleb128 0x13
 1105 0006 0B       		.uleb128 0xb
 1106 0007 03       		.uleb128 0x3
 1107 0008 0E       		.uleb128 0xe
 1108 0009 1B       		.uleb128 0x1b
 1109 000a 0E       		.uleb128 0xe
 1110 000b 55       		.uleb128 0x55
 1111 000c 17       		.uleb128 0x17
 1112 000d 11       		.uleb128 0x11
 1113 000e 01       		.uleb128 0x1
 1114 000f 10       		.uleb128 0x10
 1115 0010 17       		.uleb128 0x17
 1116 0011 00       		.byte	0
 1117 0012 00       		.byte	0
 1118 0013 02       		.uleb128 0x2
 1119 0014 24       		.uleb128 0x24
 1120 0015 00       		.byte	0
 1121 0016 0B       		.uleb128 0xb
 1122 0017 0B       		.uleb128 0xb
 1123 0018 3E       		.uleb128 0x3e
 1124 0019 0B       		.uleb128 0xb
 1125 001a 03       		.uleb128 0x3
 1126 001b 0E       		.uleb128 0xe
 1127 001c 00       		.byte	0
 1128 001d 00       		.byte	0
 1129 001e 03       		.uleb128 0x3
 1130 001f 16       		.uleb128 0x16
 1131 0020 00       		.byte	0
 1132 0021 03       		.uleb128 0x3
 1133 0022 0E       		.uleb128 0xe
 1134 0023 3A       		.uleb128 0x3a
 1135 0024 0B       		.uleb128 0xb
 1136 0025 3B       		.uleb128 0x3b
 1137 0026 0B       		.uleb128 0xb
 1138 0027 49       		.uleb128 0x49
 1139 0028 13       		.uleb128 0x13
 1140 0029 00       		.byte	0
 1141 002a 00       		.byte	0
 1142 002b 04       		.uleb128 0x4
 1143 002c 24       		.uleb128 0x24
 1144 002d 00       		.byte	0
 1145 002e 0B       		.uleb128 0xb
 1146 002f 0B       		.uleb128 0xb
 1147 0030 3E       		.uleb128 0x3e
 1148 0031 0B       		.uleb128 0xb
 1149 0032 03       		.uleb128 0x3
 1150 0033 08       		.uleb128 0x8
 1151 0034 00       		.byte	0
 1152 0035 00       		.byte	0
 1153 0036 05       		.uleb128 0x5
 1154 0037 16       		.uleb128 0x16
 1155 0038 00       		.byte	0
 1156 0039 03       		.uleb128 0x3
 1157 003a 0E       		.uleb128 0xe
 1158 003b 3A       		.uleb128 0x3a
ARM GAS  C:\Users\TIMOK_~1\AppData\Local\Temp\ccjMbU4Z.s 			page 30


 1159 003c 0B       		.uleb128 0xb
 1160 003d 3B       		.uleb128 0x3b
 1161 003e 05       		.uleb128 0x5
 1162 003f 49       		.uleb128 0x49
 1163 0040 13       		.uleb128 0x13
 1164 0041 00       		.byte	0
 1165 0042 00       		.byte	0
 1166 0043 06       		.uleb128 0x6
 1167 0044 0F       		.uleb128 0xf
 1168 0045 00       		.byte	0
 1169 0046 0B       		.uleb128 0xb
 1170 0047 0B       		.uleb128 0xb
 1171 0048 49       		.uleb128 0x49
 1172 0049 13       		.uleb128 0x13
 1173 004a 00       		.byte	0
 1174 004b 00       		.byte	0
 1175 004c 07       		.uleb128 0x7
 1176 004d 15       		.uleb128 0x15
 1177 004e 00       		.byte	0
 1178 004f 27       		.uleb128 0x27
 1179 0050 19       		.uleb128 0x19
 1180 0051 00       		.byte	0
 1181 0052 00       		.byte	0
 1182 0053 08       		.uleb128 0x8
 1183 0054 26       		.uleb128 0x26
 1184 0055 00       		.byte	0
 1185 0056 49       		.uleb128 0x49
 1186 0057 13       		.uleb128 0x13
 1187 0058 00       		.byte	0
 1188 0059 00       		.byte	0
 1189 005a 09       		.uleb128 0x9
 1190 005b 13       		.uleb128 0x13
 1191 005c 01       		.byte	0x1
 1192 005d 03       		.uleb128 0x3
 1193 005e 0E       		.uleb128 0xe
 1194 005f 0B       		.uleb128 0xb
 1195 0060 0B       		.uleb128 0xb
 1196 0061 3A       		.uleb128 0x3a
 1197 0062 0B       		.uleb128 0xb
 1198 0063 3B       		.uleb128 0x3b
 1199 0064 0B       		.uleb128 0xb
 1200 0065 01       		.uleb128 0x1
 1201 0066 13       		.uleb128 0x13
 1202 0067 00       		.byte	0
 1203 0068 00       		.byte	0
 1204 0069 0A       		.uleb128 0xa
 1205 006a 0D       		.uleb128 0xd
 1206 006b 00       		.byte	0
 1207 006c 03       		.uleb128 0x3
 1208 006d 08       		.uleb128 0x8
 1209 006e 3A       		.uleb128 0x3a
 1210 006f 0B       		.uleb128 0xb
 1211 0070 3B       		.uleb128 0x3b
 1212 0071 0B       		.uleb128 0xb
 1213 0072 49       		.uleb128 0x49
 1214 0073 13       		.uleb128 0x13
 1215 0074 38       		.uleb128 0x38
ARM GAS  C:\Users\TIMOK_~1\AppData\Local\Temp\ccjMbU4Z.s 			page 31


 1216 0075 0B       		.uleb128 0xb
 1217 0076 00       		.byte	0
 1218 0077 00       		.byte	0
 1219 0078 0B       		.uleb128 0xb
 1220 0079 2E       		.uleb128 0x2e
 1221 007a 01       		.byte	0x1
 1222 007b 3F       		.uleb128 0x3f
 1223 007c 19       		.uleb128 0x19
 1224 007d 03       		.uleb128 0x3
 1225 007e 0E       		.uleb128 0xe
 1226 007f 3A       		.uleb128 0x3a
 1227 0080 0B       		.uleb128 0xb
 1228 0081 3B       		.uleb128 0x3b
 1229 0082 0B       		.uleb128 0xb
 1230 0083 49       		.uleb128 0x49
 1231 0084 13       		.uleb128 0x13
 1232 0085 11       		.uleb128 0x11
 1233 0086 01       		.uleb128 0x1
 1234 0087 12       		.uleb128 0x12
 1235 0088 06       		.uleb128 0x6
 1236 0089 40       		.uleb128 0x40
 1237 008a 18       		.uleb128 0x18
 1238 008b 9742     		.uleb128 0x2117
 1239 008d 19       		.uleb128 0x19
 1240 008e 01       		.uleb128 0x1
 1241 008f 13       		.uleb128 0x13
 1242 0090 00       		.byte	0
 1243 0091 00       		.byte	0
 1244 0092 0C       		.uleb128 0xc
 1245 0093 34       		.uleb128 0x34
 1246 0094 00       		.byte	0
 1247 0095 03       		.uleb128 0x3
 1248 0096 0E       		.uleb128 0xe
 1249 0097 3A       		.uleb128 0x3a
 1250 0098 0B       		.uleb128 0xb
 1251 0099 3B       		.uleb128 0x3b
 1252 009a 0B       		.uleb128 0xb
 1253 009b 49       		.uleb128 0x49
 1254 009c 13       		.uleb128 0x13
 1255 009d 1C       		.uleb128 0x1c
 1256 009e 0B       		.uleb128 0xb
 1257 009f 00       		.byte	0
 1258 00a0 00       		.byte	0
 1259 00a1 0D       		.uleb128 0xd
 1260 00a2 34       		.uleb128 0x34
 1261 00a3 00       		.byte	0
 1262 00a4 03       		.uleb128 0x3
 1263 00a5 0E       		.uleb128 0xe
 1264 00a6 3A       		.uleb128 0x3a
 1265 00a7 0B       		.uleb128 0xb
 1266 00a8 3B       		.uleb128 0x3b
 1267 00a9 0B       		.uleb128 0xb
 1268 00aa 49       		.uleb128 0x49
 1269 00ab 13       		.uleb128 0x13
 1270 00ac 1C       		.uleb128 0x1c
 1271 00ad 0A       		.uleb128 0xa
 1272 00ae 00       		.byte	0
ARM GAS  C:\Users\TIMOK_~1\AppData\Local\Temp\ccjMbU4Z.s 			page 32


 1273 00af 00       		.byte	0
 1274 00b0 0E       		.uleb128 0xe
 1275 00b1 34       		.uleb128 0x34
 1276 00b2 00       		.byte	0
 1277 00b3 03       		.uleb128 0x3
 1278 00b4 08       		.uleb128 0x8
 1279 00b5 3A       		.uleb128 0x3a
 1280 00b6 0B       		.uleb128 0xb
 1281 00b7 3B       		.uleb128 0x3b
 1282 00b8 0B       		.uleb128 0xb
 1283 00b9 49       		.uleb128 0x49
 1284 00ba 13       		.uleb128 0x13
 1285 00bb 02       		.uleb128 0x2
 1286 00bc 18       		.uleb128 0x18
 1287 00bd 00       		.byte	0
 1288 00be 00       		.byte	0
 1289 00bf 0F       		.uleb128 0xf
 1290 00c0 34       		.uleb128 0x34
 1291 00c1 00       		.byte	0
 1292 00c2 03       		.uleb128 0x3
 1293 00c3 0E       		.uleb128 0xe
 1294 00c4 3A       		.uleb128 0x3a
 1295 00c5 0B       		.uleb128 0xb
 1296 00c6 3B       		.uleb128 0x3b
 1297 00c7 0B       		.uleb128 0xb
 1298 00c8 49       		.uleb128 0x49
 1299 00c9 13       		.uleb128 0x13
 1300 00ca 02       		.uleb128 0x2
 1301 00cb 17       		.uleb128 0x17
 1302 00cc 00       		.byte	0
 1303 00cd 00       		.byte	0
 1304 00ce 10       		.uleb128 0x10
 1305 00cf 0B       		.uleb128 0xb
 1306 00d0 01       		.byte	0x1
 1307 00d1 11       		.uleb128 0x11
 1308 00d2 01       		.uleb128 0x1
 1309 00d3 12       		.uleb128 0x12
 1310 00d4 06       		.uleb128 0x6
 1311 00d5 01       		.uleb128 0x1
 1312 00d6 13       		.uleb128 0x13
 1313 00d7 00       		.byte	0
 1314 00d8 00       		.byte	0
 1315 00d9 11       		.uleb128 0x11
 1316 00da 34       		.uleb128 0x34
 1317 00db 00       		.byte	0
 1318 00dc 03       		.uleb128 0x3
 1319 00dd 0E       		.uleb128 0xe
 1320 00de 3A       		.uleb128 0x3a
 1321 00df 0B       		.uleb128 0xb
 1322 00e0 3B       		.uleb128 0x3b
 1323 00e1 0B       		.uleb128 0xb
 1324 00e2 49       		.uleb128 0x49
 1325 00e3 13       		.uleb128 0x13
 1326 00e4 02       		.uleb128 0x2
 1327 00e5 18       		.uleb128 0x18
 1328 00e6 00       		.byte	0
 1329 00e7 00       		.byte	0
ARM GAS  C:\Users\TIMOK_~1\AppData\Local\Temp\ccjMbU4Z.s 			page 33


 1330 00e8 12       		.uleb128 0x12
 1331 00e9 898201   		.uleb128 0x4109
 1332 00ec 01       		.byte	0x1
 1333 00ed 11       		.uleb128 0x11
 1334 00ee 01       		.uleb128 0x1
 1335 00ef 31       		.uleb128 0x31
 1336 00f0 13       		.uleb128 0x13
 1337 00f1 01       		.uleb128 0x1
 1338 00f2 13       		.uleb128 0x13
 1339 00f3 00       		.byte	0
 1340 00f4 00       		.byte	0
 1341 00f5 13       		.uleb128 0x13
 1342 00f6 8A8201   		.uleb128 0x410a
 1343 00f9 00       		.byte	0
 1344 00fa 02       		.uleb128 0x2
 1345 00fb 18       		.uleb128 0x18
 1346 00fc 9142     		.uleb128 0x2111
 1347 00fe 18       		.uleb128 0x18
 1348 00ff 00       		.byte	0
 1349 0100 00       		.byte	0
 1350 0101 14       		.uleb128 0x14
 1351 0102 898201   		.uleb128 0x4109
 1352 0105 01       		.byte	0x1
 1353 0106 11       		.uleb128 0x11
 1354 0107 01       		.uleb128 0x1
 1355 0108 31       		.uleb128 0x31
 1356 0109 13       		.uleb128 0x13
 1357 010a 00       		.byte	0
 1358 010b 00       		.byte	0
 1359 010c 15       		.uleb128 0x15
 1360 010d 898201   		.uleb128 0x4109
 1361 0110 00       		.byte	0
 1362 0111 11       		.uleb128 0x11
 1363 0112 01       		.uleb128 0x1
 1364 0113 31       		.uleb128 0x31
 1365 0114 13       		.uleb128 0x13
 1366 0115 00       		.byte	0
 1367 0116 00       		.byte	0
 1368 0117 16       		.uleb128 0x16
 1369 0118 2E       		.uleb128 0x2e
 1370 0119 01       		.byte	0x1
 1371 011a 3F       		.uleb128 0x3f
 1372 011b 19       		.uleb128 0x19
 1373 011c 03       		.uleb128 0x3
 1374 011d 0E       		.uleb128 0xe
 1375 011e 3A       		.uleb128 0x3a
 1376 011f 0B       		.uleb128 0xb
 1377 0120 3B       		.uleb128 0x3b
 1378 0121 05       		.uleb128 0x5
 1379 0122 27       		.uleb128 0x27
 1380 0123 19       		.uleb128 0x19
 1381 0124 49       		.uleb128 0x49
 1382 0125 13       		.uleb128 0x13
 1383 0126 11       		.uleb128 0x11
 1384 0127 01       		.uleb128 0x1
 1385 0128 12       		.uleb128 0x12
 1386 0129 06       		.uleb128 0x6
ARM GAS  C:\Users\TIMOK_~1\AppData\Local\Temp\ccjMbU4Z.s 			page 34


 1387 012a 40       		.uleb128 0x40
 1388 012b 18       		.uleb128 0x18
 1389 012c 9742     		.uleb128 0x2117
 1390 012e 19       		.uleb128 0x19
 1391 012f 01       		.uleb128 0x1
 1392 0130 13       		.uleb128 0x13
 1393 0131 00       		.byte	0
 1394 0132 00       		.byte	0
 1395 0133 17       		.uleb128 0x17
 1396 0134 05       		.uleb128 0x5
 1397 0135 00       		.byte	0
 1398 0136 03       		.uleb128 0x3
 1399 0137 0E       		.uleb128 0xe
 1400 0138 3A       		.uleb128 0x3a
 1401 0139 0B       		.uleb128 0xb
 1402 013a 3B       		.uleb128 0x3b
 1403 013b 05       		.uleb128 0x5
 1404 013c 49       		.uleb128 0x49
 1405 013d 13       		.uleb128 0x13
 1406 013e 02       		.uleb128 0x2
 1407 013f 17       		.uleb128 0x17
 1408 0140 00       		.byte	0
 1409 0141 00       		.byte	0
 1410 0142 18       		.uleb128 0x18
 1411 0143 05       		.uleb128 0x5
 1412 0144 00       		.byte	0
 1413 0145 03       		.uleb128 0x3
 1414 0146 08       		.uleb128 0x8
 1415 0147 3A       		.uleb128 0x3a
 1416 0148 0B       		.uleb128 0xb
 1417 0149 3B       		.uleb128 0x3b
 1418 014a 05       		.uleb128 0x5
 1419 014b 49       		.uleb128 0x49
 1420 014c 13       		.uleb128 0x13
 1421 014d 02       		.uleb128 0x2
 1422 014e 17       		.uleb128 0x17
 1423 014f 00       		.byte	0
 1424 0150 00       		.byte	0
 1425 0151 19       		.uleb128 0x19
 1426 0152 34       		.uleb128 0x34
 1427 0153 00       		.byte	0
 1428 0154 03       		.uleb128 0x3
 1429 0155 08       		.uleb128 0x8
 1430 0156 3A       		.uleb128 0x3a
 1431 0157 0B       		.uleb128 0xb
 1432 0158 3B       		.uleb128 0x3b
 1433 0159 05       		.uleb128 0x5
 1434 015a 49       		.uleb128 0x49
 1435 015b 13       		.uleb128 0x13
 1436 015c 02       		.uleb128 0x2
 1437 015d 17       		.uleb128 0x17
 1438 015e 00       		.byte	0
 1439 015f 00       		.byte	0
 1440 0160 1A       		.uleb128 0x1a
 1441 0161 34       		.uleb128 0x34
 1442 0162 00       		.byte	0
 1443 0163 03       		.uleb128 0x3
ARM GAS  C:\Users\TIMOK_~1\AppData\Local\Temp\ccjMbU4Z.s 			page 35


 1444 0164 0E       		.uleb128 0xe
 1445 0165 3A       		.uleb128 0x3a
 1446 0166 0B       		.uleb128 0xb
 1447 0167 3B       		.uleb128 0x3b
 1448 0168 05       		.uleb128 0x5
 1449 0169 49       		.uleb128 0x49
 1450 016a 13       		.uleb128 0x13
 1451 016b 3F       		.uleb128 0x3f
 1452 016c 19       		.uleb128 0x19
 1453 016d 3C       		.uleb128 0x3c
 1454 016e 19       		.uleb128 0x19
 1455 016f 00       		.byte	0
 1456 0170 00       		.byte	0
 1457 0171 1B       		.uleb128 0x1b
 1458 0172 35       		.uleb128 0x35
 1459 0173 00       		.byte	0
 1460 0174 49       		.uleb128 0x49
 1461 0175 13       		.uleb128 0x13
 1462 0176 00       		.byte	0
 1463 0177 00       		.byte	0
 1464 0178 1C       		.uleb128 0x1c
 1465 0179 2E       		.uleb128 0x2e
 1466 017a 01       		.byte	0x1
 1467 017b 3F       		.uleb128 0x3f
 1468 017c 19       		.uleb128 0x19
 1469 017d 03       		.uleb128 0x3
 1470 017e 0E       		.uleb128 0xe
 1471 017f 3A       		.uleb128 0x3a
 1472 0180 0B       		.uleb128 0xb
 1473 0181 3B       		.uleb128 0x3b
 1474 0182 0B       		.uleb128 0xb
 1475 0183 27       		.uleb128 0x27
 1476 0184 19       		.uleb128 0x19
 1477 0185 3C       		.uleb128 0x3c
 1478 0186 19       		.uleb128 0x19
 1479 0187 01       		.uleb128 0x1
 1480 0188 13       		.uleb128 0x13
 1481 0189 00       		.byte	0
 1482 018a 00       		.byte	0
 1483 018b 1D       		.uleb128 0x1d
 1484 018c 05       		.uleb128 0x5
 1485 018d 00       		.byte	0
 1486 018e 49       		.uleb128 0x49
 1487 018f 13       		.uleb128 0x13
 1488 0190 00       		.byte	0
 1489 0191 00       		.byte	0
 1490 0192 1E       		.uleb128 0x1e
 1491 0193 2E       		.uleb128 0x2e
 1492 0194 01       		.byte	0x1
 1493 0195 3F       		.uleb128 0x3f
 1494 0196 19       		.uleb128 0x19
 1495 0197 03       		.uleb128 0x3
 1496 0198 0E       		.uleb128 0xe
 1497 0199 3A       		.uleb128 0x3a
 1498 019a 0B       		.uleb128 0xb
 1499 019b 3B       		.uleb128 0x3b
 1500 019c 0B       		.uleb128 0xb
ARM GAS  C:\Users\TIMOK_~1\AppData\Local\Temp\ccjMbU4Z.s 			page 36


 1501 019d 27       		.uleb128 0x27
 1502 019e 19       		.uleb128 0x19
 1503 019f 49       		.uleb128 0x49
 1504 01a0 13       		.uleb128 0x13
 1505 01a1 3C       		.uleb128 0x3c
 1506 01a2 19       		.uleb128 0x19
 1507 01a3 01       		.uleb128 0x1
 1508 01a4 13       		.uleb128 0x13
 1509 01a5 00       		.byte	0
 1510 01a6 00       		.byte	0
 1511 01a7 1F       		.uleb128 0x1f
 1512 01a8 18       		.uleb128 0x18
 1513 01a9 00       		.byte	0
 1514 01aa 00       		.byte	0
 1515 01ab 00       		.byte	0
 1516 01ac 20       		.uleb128 0x20
 1517 01ad 2E       		.uleb128 0x2e
 1518 01ae 00       		.byte	0
 1519 01af 3F       		.uleb128 0x3f
 1520 01b0 19       		.uleb128 0x19
 1521 01b1 03       		.uleb128 0x3
 1522 01b2 0E       		.uleb128 0xe
 1523 01b3 3A       		.uleb128 0x3a
 1524 01b4 0B       		.uleb128 0xb
 1525 01b5 3B       		.uleb128 0x3b
 1526 01b6 0B       		.uleb128 0xb
 1527 01b7 27       		.uleb128 0x27
 1528 01b8 19       		.uleb128 0x19
 1529 01b9 3C       		.uleb128 0x3c
 1530 01ba 19       		.uleb128 0x19
 1531 01bb 00       		.byte	0
 1532 01bc 00       		.byte	0
 1533 01bd 21       		.uleb128 0x21
 1534 01be 2E       		.uleb128 0x2e
 1535 01bf 01       		.byte	0x1
 1536 01c0 3F       		.uleb128 0x3f
 1537 01c1 19       		.uleb128 0x19
 1538 01c2 03       		.uleb128 0x3
 1539 01c3 0E       		.uleb128 0xe
 1540 01c4 3A       		.uleb128 0x3a
 1541 01c5 0B       		.uleb128 0xb
 1542 01c6 3B       		.uleb128 0x3b
 1543 01c7 0B       		.uleb128 0xb
 1544 01c8 6E       		.uleb128 0x6e
 1545 01c9 0E       		.uleb128 0xe
 1546 01ca 27       		.uleb128 0x27
 1547 01cb 19       		.uleb128 0x19
 1548 01cc 49       		.uleb128 0x49
 1549 01cd 13       		.uleb128 0x13
 1550 01ce 3C       		.uleb128 0x3c
 1551 01cf 19       		.uleb128 0x19
 1552 01d0 01       		.uleb128 0x1
 1553 01d1 13       		.uleb128 0x13
 1554 01d2 00       		.byte	0
 1555 01d3 00       		.byte	0
 1556 01d4 22       		.uleb128 0x22
 1557 01d5 2E       		.uleb128 0x2e
ARM GAS  C:\Users\TIMOK_~1\AppData\Local\Temp\ccjMbU4Z.s 			page 37


 1558 01d6 00       		.byte	0
 1559 01d7 3F       		.uleb128 0x3f
 1560 01d8 19       		.uleb128 0x19
 1561 01d9 03       		.uleb128 0x3
 1562 01da 0E       		.uleb128 0xe
 1563 01db 3A       		.uleb128 0x3a
 1564 01dc 0B       		.uleb128 0xb
 1565 01dd 3B       		.uleb128 0x3b
 1566 01de 0B       		.uleb128 0xb
 1567 01df 27       		.uleb128 0x27
 1568 01e0 19       		.uleb128 0x19
 1569 01e1 49       		.uleb128 0x49
 1570 01e2 13       		.uleb128 0x13
 1571 01e3 3C       		.uleb128 0x3c
 1572 01e4 19       		.uleb128 0x19
 1573 01e5 00       		.byte	0
 1574 01e6 00       		.byte	0
 1575 01e7 23       		.uleb128 0x23
 1576 01e8 2E       		.uleb128 0x2e
 1577 01e9 01       		.byte	0x1
 1578 01ea 3F       		.uleb128 0x3f
 1579 01eb 19       		.uleb128 0x19
 1580 01ec 03       		.uleb128 0x3
 1581 01ed 0E       		.uleb128 0xe
 1582 01ee 3A       		.uleb128 0x3a
 1583 01ef 0B       		.uleb128 0xb
 1584 01f0 3B       		.uleb128 0x3b
 1585 01f1 0B       		.uleb128 0xb
 1586 01f2 3C       		.uleb128 0x3c
 1587 01f3 19       		.uleb128 0x19
 1588 01f4 01       		.uleb128 0x1
 1589 01f5 13       		.uleb128 0x13
 1590 01f6 00       		.byte	0
 1591 01f7 00       		.byte	0
 1592 01f8 00       		.byte	0
 1593              		.section	.debug_loc,"",%progbits
 1594              	.Ldebug_loc0:
 1595              	.LLST0:
 1596 0000 20000000 		.4byte	.LVL5
 1597 0004 46000000 		.4byte	.LVL12
 1598 0008 0100     		.2byte	0x1
 1599 000a 54       		.byte	0x54
 1600 000b 00000000 		.4byte	0
 1601 000f 00000000 		.4byte	0
 1602              	.LLST1:
 1603 0013 00000000 		.4byte	.LVL27
 1604 0017 0A000000 		.4byte	.LVL29
 1605 001b 0100     		.2byte	0x1
 1606 001d 50       		.byte	0x50
 1607 001e 0A000000 		.4byte	.LVL29
 1608 0022 2A000000 		.4byte	.LFE64
 1609 0026 0400     		.2byte	0x4
 1610 0028 F3       		.byte	0xf3
 1611 0029 01       		.uleb128 0x1
 1612 002a 50       		.byte	0x50
 1613 002b 9F       		.byte	0x9f
 1614 002c 00000000 		.4byte	0
ARM GAS  C:\Users\TIMOK_~1\AppData\Local\Temp\ccjMbU4Z.s 			page 38


 1615 0030 00000000 		.4byte	0
 1616              	.LLST2:
 1617 0034 00000000 		.4byte	.LVL27
 1618 0038 0A000000 		.4byte	.LVL29
 1619 003c 0100     		.2byte	0x1
 1620 003e 51       		.byte	0x51
 1621 003f 0A000000 		.4byte	.LVL29
 1622 0043 18000000 		.4byte	.LVL31
 1623 0047 0100     		.2byte	0x1
 1624 0049 54       		.byte	0x54
 1625 004a 18000000 		.4byte	.LVL31
 1626 004e 22000000 		.4byte	.LVL34
 1627 0052 0100     		.2byte	0x1
 1628 0054 56       		.byte	0x56
 1629 0055 22000000 		.4byte	.LVL34
 1630 0059 2A000000 		.4byte	.LFE64
 1631 005d 0100     		.2byte	0x1
 1632 005f 54       		.byte	0x54
 1633 0060 00000000 		.4byte	0
 1634 0064 00000000 		.4byte	0
 1635              	.LLST3:
 1636 0068 00000000 		.4byte	.LVL27
 1637 006c 0A000000 		.4byte	.LVL29
 1638 0070 0100     		.2byte	0x1
 1639 0072 52       		.byte	0x52
 1640 0073 0A000000 		.4byte	.LVL29
 1641 0077 2A000000 		.4byte	.LFE64
 1642 007b 0100     		.2byte	0x1
 1643 007d 57       		.byte	0x57
 1644 007e 00000000 		.4byte	0
 1645 0082 00000000 		.4byte	0
 1646              	.LLST4:
 1647 0086 06000000 		.4byte	.LVL28
 1648 008a 0A000000 		.4byte	.LVL29
 1649 008e 0200     		.2byte	0x2
 1650 0090 30       		.byte	0x30
 1651 0091 9F       		.byte	0x9f
 1652 0092 0A000000 		.4byte	.LVL29
 1653 0096 2A000000 		.4byte	.LFE64
 1654 009a 0100     		.2byte	0x1
 1655 009c 55       		.byte	0x55
 1656 009d 00000000 		.4byte	0
 1657 00a1 00000000 		.4byte	0
 1658              	.LLST5:
 1659 00a5 00000000 		.4byte	.LVL35
 1660 00a9 0A000000 		.4byte	.LVL37
 1661 00ad 0100     		.2byte	0x1
 1662 00af 50       		.byte	0x50
 1663 00b0 0A000000 		.4byte	.LVL37
 1664 00b4 38000000 		.4byte	.LFE65
 1665 00b8 0400     		.2byte	0x4
 1666 00ba F3       		.byte	0xf3
 1667 00bb 01       		.uleb128 0x1
 1668 00bc 50       		.byte	0x50
 1669 00bd 9F       		.byte	0x9f
 1670 00be 00000000 		.4byte	0
 1671 00c2 00000000 		.4byte	0
ARM GAS  C:\Users\TIMOK_~1\AppData\Local\Temp\ccjMbU4Z.s 			page 39


 1672              	.LLST6:
 1673 00c6 00000000 		.4byte	.LVL35
 1674 00ca 0A000000 		.4byte	.LVL37
 1675 00ce 0100     		.2byte	0x1
 1676 00d0 51       		.byte	0x51
 1677 00d1 0A000000 		.4byte	.LVL37
 1678 00d5 26000000 		.4byte	.LVL44
 1679 00d9 0100     		.2byte	0x1
 1680 00db 57       		.byte	0x57
 1681 00dc 26000000 		.4byte	.LVL44
 1682 00e0 30000000 		.4byte	.LVL46
 1683 00e4 0100     		.2byte	0x1
 1684 00e6 53       		.byte	0x53
 1685 00e7 30000000 		.4byte	.LVL46
 1686 00eb 34000000 		.4byte	.LVL47
 1687 00ef 0100     		.2byte	0x1
 1688 00f1 57       		.byte	0x57
 1689 00f2 00000000 		.4byte	0
 1690 00f6 00000000 		.4byte	0
 1691              	.LLST7:
 1692 00fa 00000000 		.4byte	.LVL35
 1693 00fe 0A000000 		.4byte	.LVL37
 1694 0102 0100     		.2byte	0x1
 1695 0104 52       		.byte	0x52
 1696 0105 0A000000 		.4byte	.LVL37
 1697 0109 38000000 		.4byte	.LFE65
 1698 010d 0100     		.2byte	0x1
 1699 010f 54       		.byte	0x54
 1700 0110 00000000 		.4byte	0
 1701 0114 00000000 		.4byte	0
 1702              	.LLST8:
 1703 0118 06000000 		.4byte	.LVL36
 1704 011c 0A000000 		.4byte	.LVL37
 1705 0120 0200     		.2byte	0x2
 1706 0122 30       		.byte	0x30
 1707 0123 9F       		.byte	0x9f
 1708 0124 0A000000 		.4byte	.LVL37
 1709 0128 38000000 		.4byte	.LFE65
 1710 012c 0100     		.2byte	0x1
 1711 012e 56       		.byte	0x56
 1712 012f 00000000 		.4byte	0
 1713 0133 00000000 		.4byte	0
 1714              	.LLST9:
 1715 0137 0E000000 		.4byte	.LVL38
 1716 013b 15000000 		.4byte	.LVL39-1
 1717 013f 0100     		.2byte	0x1
 1718 0141 50       		.byte	0x50
 1719 0142 1C000000 		.4byte	.LVL41
 1720 0146 24000000 		.4byte	.LVL43
 1721 014a 0200     		.2byte	0x2
 1722 014c 3A       		.byte	0x3a
 1723 014d 9F       		.byte	0x9f
 1724 014e 24000000 		.4byte	.LVL43
 1725 0152 30000000 		.4byte	.LVL46
 1726 0156 0100     		.2byte	0x1
 1727 0158 55       		.byte	0x55
 1728 0159 00000000 		.4byte	0
ARM GAS  C:\Users\TIMOK_~1\AppData\Local\Temp\ccjMbU4Z.s 			page 40


 1729 015d 00000000 		.4byte	0
 1730              		.section	.debug_aranges,"",%progbits
 1731 0000 2C000000 		.4byte	0x2c
 1732 0004 0200     		.2byte	0x2
 1733 0006 00000000 		.4byte	.Ldebug_info0
 1734 000a 04       		.byte	0x4
 1735 000b 00       		.byte	0
 1736 000c 0000     		.2byte	0
 1737 000e 0000     		.2byte	0
 1738 0010 00000000 		.4byte	.LFB63
 1739 0014 14010000 		.4byte	.LFE63-.LFB63
 1740 0018 00000000 		.4byte	.LFB64
 1741 001c 2A000000 		.4byte	.LFE64-.LFB64
 1742 0020 00000000 		.4byte	.LFB65
 1743 0024 38000000 		.4byte	.LFE65-.LFB65
 1744 0028 00000000 		.4byte	0
 1745 002c 00000000 		.4byte	0
 1746              		.section	.debug_ranges,"",%progbits
 1747              	.Ldebug_ranges0:
 1748 0000 00000000 		.4byte	.LFB63
 1749 0004 14010000 		.4byte	.LFE63
 1750 0008 00000000 		.4byte	.LFB64
 1751 000c 2A000000 		.4byte	.LFE64
 1752 0010 00000000 		.4byte	.LFB65
 1753 0014 38000000 		.4byte	.LFE65
 1754 0018 00000000 		.4byte	0
 1755 001c 00000000 		.4byte	0
 1756              		.section	.debug_line,"",%progbits
 1757              	.Ldebug_line0:
 1758 0000 BA020000 		.section	.debug_str,"MS",%progbits,1
 1758      0200E701 
 1758      00000201 
 1758      FB0E0D00 
 1758      01010101 
 1759              	.LASF53:
 1760 0000 5F5F6275 		.ascii	"__builtin_puts\000"
 1760      696C7469 
 1760      6E5F7075 
 1760      747300
 1761              	.LASF45:
 1762 000f 55415254 		.ascii	"UART_1_GetChar\000"
 1762      5F315F47 
 1762      65744368 
 1762      617200
 1763              	.LASF2:
 1764 001e 73686F72 		.ascii	"short int\000"
 1764      7420696E 
 1764      7400
 1765              	.LASF20:
 1766 0028 73697A65 		.ascii	"sizetype\000"
 1766      74797065 
 1766      00
 1767              	.LASF50:
 1768 0031 6D61696E 		.ascii	"main\000"
 1768      00
 1769              	.LASF30:
 1770 0036 5F777269 		.ascii	"_write\000"
ARM GAS  C:\Users\TIMOK_~1\AppData\Local\Temp\ccjMbU4Z.s 			page 41


 1770      746500
 1771              	.LASF4:
 1772 003d 5F5F7569 		.ascii	"__uint16_t\000"
 1772      6E743136 
 1772      5F7400
 1773              	.LASF29:
 1774 0048 66696C65 		.ascii	"file\000"
 1774      00
 1775              	.LASF49:
 1776 004d 73656E73 		.ascii	"sensors_\000"
 1776      6F72735F 
 1776      00
 1777              	.LASF28:
 1778 0056 756C6B6F 		.ascii	"ulkoik\000"
 1778      696B00
 1779              	.LASF15:
 1780 005d 696E7431 		.ascii	"int16\000"
 1780      3600
 1781              	.LASF35:
 1782 0063 6D6F746F 		.ascii	"motor_turn\000"
 1782      725F7475 
 1782      726E00
 1783              	.LASF13:
 1784 006e 75696E74 		.ascii	"uint8\000"
 1784      3800
 1785              	.LASF41:
 1786 0074 7265666C 		.ascii	"reflectance_start\000"
 1786      65637461 
 1786      6E63655F 
 1786      73746172 
 1786      7400
 1787              	.LASF37:
 1788 0086 55415254 		.ascii	"UART_1_Start\000"
 1788      5F315F53 
 1788      74617274 
 1788      00
 1789              	.LASF43:
 1790 0093 55415254 		.ascii	"UART_1_PutChar\000"
 1790      5F315F50 
 1790      75744368 
 1790      617200
 1791              	.LASF16:
 1792 00a2 666C6F61 		.ascii	"float\000"
 1792      7400
 1793              	.LASF25:
 1794 00a8 756C6B76 		.ascii	"ulkvas\000"
 1794      617300
 1795              	.LASF8:
 1796 00af 6C6F6E67 		.ascii	"long long int\000"
 1796      206C6F6E 
 1796      6720696E 
 1796      7400
 1797              	.LASF34:
 1798 00bd 7265666C 		.ascii	"reflectance_digital\000"
 1798      65637461 
 1798      6E63655F 
 1798      64696769 
ARM GAS  C:\Users\TIMOK_~1\AppData\Local\Temp\ccjMbU4Z.s 			page 42


 1798      74616C00 
 1799              	.LASF48:
 1800 00d1 463A5C4D 		.ascii	"F:\\Metropolia\\Laitteet\\Team-9\\ZumoBot.cydsn\000"
 1800      6574726F 
 1800      706F6C69 
 1800      615C4C61 
 1800      69747465 
 1801              	.LASF6:
 1802 00fd 6C6F6E67 		.ascii	"long int\000"
 1802      20696E74 
 1802      00
 1803              	.LASF52:
 1804 0106 7072696E 		.ascii	"printf\000"
 1804      746600
 1805              	.LASF24:
 1806 010d 62757474 		.ascii	"button\000"
 1806      6F6E00
 1807              	.LASF27:
 1808 0114 7369736F 		.ascii	"sisoik\000"
 1808      696B00
 1809              	.LASF1:
 1810 011b 756E7369 		.ascii	"unsigned char\000"
 1810      676E6564 
 1810      20636861 
 1810      7200
 1811              	.LASF21:
 1812 0129 6C6F6E67 		.ascii	"long double\000"
 1812      20646F75 
 1812      626C6500 
 1813              	.LASF38:
 1814 0135 4144435F 		.ascii	"ADC_Battery_Start\000"
 1814      42617474 
 1814      6572795F 
 1814      53746172 
 1814      7400
 1815              	.LASF19:
 1816 0147 63796973 		.ascii	"cyisraddress\000"
 1816      72616464 
 1816      72657373 
 1816      00
 1817              	.LASF31:
 1818 0154 5F726561 		.ascii	"_read\000"
 1818      6400
 1819              	.LASF0:
 1820 015a 7369676E 		.ascii	"signed char\000"
 1820      65642063 
 1820      68617200 
 1821              	.LASF9:
 1822 0166 6C6F6E67 		.ascii	"long long unsigned int\000"
 1822      206C6F6E 
 1822      6720756E 
 1822      7369676E 
 1822      65642069 
 1823              	.LASF10:
 1824 017d 756E7369 		.ascii	"unsigned int\000"
 1824      676E6564 
 1824      20696E74 
ARM GAS  C:\Users\TIMOK_~1\AppData\Local\Temp\ccjMbU4Z.s 			page 43


 1824      00
 1825              	.LASF11:
 1826 018a 75696E74 		.ascii	"uint16_t\000"
 1826      31365F74 
 1826      00
 1827              	.LASF54:
 1828 0193 70757473 		.ascii	"puts\000"
 1828      00
 1829              	.LASF3:
 1830 0198 73686F72 		.ascii	"short unsigned int\000"
 1830      7420756E 
 1830      7369676E 
 1830      65642069 
 1830      6E7400
 1831              	.LASF23:
 1832 01ab 766F6C74 		.ascii	"volts\000"
 1832      7300
 1833              	.LASF18:
 1834 01b1 63686172 		.ascii	"char\000"
 1834      00
 1835              	.LASF46:
 1836 01b6 474E5520 		.ascii	"GNU C 4.9.3 20150303 (release) [ARM/embedded-4_9-br"
 1836      4320342E 
 1836      392E3320 
 1836      32303135 
 1836      30333033 
 1837 01e9 616E6368 		.ascii	"anch revision 221220] -mcpu=cortex-m3 -mthumb -g -O"
 1837      20726576 
 1837      6973696F 
 1837      6E203232 
 1837      31323230 
 1838 021c 67202D66 		.ascii	"g -ffunction-sections -ffat-lto-objects\000"
 1838      66756E63 
 1838      74696F6E 
 1838      2D736563 
 1838      74696F6E 
 1839              	.LASF12:
 1840 0244 696E7433 		.ascii	"int32_t\000"
 1840      325F7400 
 1841              	.LASF39:
 1842 024c 42617474 		.ascii	"BatteryLed_Write\000"
 1842      6572794C 
 1842      65645F57 
 1842      72697465 
 1842      00
 1843              	.LASF44:
 1844 025d 5357315F 		.ascii	"SW1_Read\000"
 1844      52656164 
 1844      00
 1845              	.LASF14:
 1846 0266 75696E74 		.ascii	"uint32\000"
 1846      333200
 1847              	.LASF47:
 1848 026d 6D61696E 		.ascii	"main.c\000"
 1848      2E6300
 1849              	.LASF7:
 1850 0274 6C6F6E67 		.ascii	"long unsigned int\000"
ARM GAS  C:\Users\TIMOK_~1\AppData\Local\Temp\ccjMbU4Z.s 			page 44


 1850      20756E73 
 1850      69676E65 
 1850      6420696E 
 1850      7400
 1851              	.LASF40:
 1852 0286 73656E73 		.ascii	"sensor_isr_StartEx\000"
 1852      6F725F69 
 1852      73725F53 
 1852      74617274 
 1852      457800
 1853              	.LASF55:
 1854 0299 6D6F746F 		.ascii	"motor_start\000"
 1854      725F7374 
 1854      61727400 
 1855              	.LASF32:
 1856 02a5 636F756E 		.ascii	"count\000"
 1856      7400
 1857              	.LASF5:
 1858 02ab 5F5F696E 		.ascii	"__int32_t\000"
 1858      7433325F 
 1858      7400
 1859              	.LASF33:
 1860 02b5 7265666C 		.ascii	"reflectance_read\000"
 1860      65637461 
 1860      6E63655F 
 1860      72656164 
 1860      00
 1861              	.LASF26:
 1862 02c6 73697376 		.ascii	"sisvas\000"
 1862      617300
 1863              	.LASF22:
 1864 02cd 61646372 		.ascii	"adcresult\000"
 1864      6573756C 
 1864      7400
 1865              	.LASF17:
 1866 02d7 646F7562 		.ascii	"double\000"
 1866      6C6500
 1867              	.LASF51:
 1868 02de 49544D5F 		.ascii	"ITM_RxBuffer\000"
 1868      52784275 
 1868      66666572 
 1868      00
 1869              	.LASF36:
 1870 02eb 43794465 		.ascii	"CyDelay\000"
 1870      6C617900 
 1871              	.LASF42:
 1872 02f3 49525F6C 		.ascii	"IR_led_Write\000"
 1872      65645F57 
 1872      72697465 
 1872      00
 1873              		.ident	"GCC: (GNU Tools for ARM Embedded Processors) 4.9.3 20150303 (release) [ARM/embedded-4_9-br
